{"/Users/fahadkiani/Desktop/development/project/src/server.ts": {"path":"/Users/fahadkiani/Desktop/development/project/src/server.ts","statementMap":{"0":{"start":{"line":4,"column":0},"end":{"line":4,"column":16}},"1":{"start":{"line":6,"column":13},"end":{"line":6,"column":37}},"2":{"start":{"line":8,"column":0},"end":{"line":10,"column":3}},"3":{"start":{"line":9,"column":2},"end":{"line":9,"column":51}}},"fnMap":{"0":{"name":"(anonymous_0)","decl":{"start":{"line":8,"column":17},"end":{"line":8,"column":20}},"loc":{"start":{"line":8,"column":22},"end":{"line":10,"column":1}}}},"branchMap":{"0":{"loc":{"start":{"line":6,"column":13},"end":{"line":6,"column":37}},"type":"binary-expr","locations":[{"start":{"line":6,"column":13},"end":{"line":6,"column":29}},{"start":{"line":6,"column":33},"end":{"line":6,"column":37}}]}},"s":{"0":0,"1":0,"2":0,"3":0},"f":{"0":0},"b":{"0":[0,0]}}
,"/Users/fahadkiani/Desktop/development/project/src/api/alphavantage.ts": {"path":"/Users/fahadkiani/Desktop/development/project/src/api/alphavantage.ts","statementMap":{"0":{"start":{"line":3,"column":17},"end":{"line":3,"column":52}},"1":{"start":{"line":4,"column":16},"end":{"line":4,"column":57}},"2":{"start":{"line":6,"column":30},"end":{"line":25,"column":2}},"3":{"start":{"line":6,"column":76},"end":{"line":25,"column":2}},"4":{"start":{"line":7,"column":19},"end":{"line":8,"column":null}},"5":{"start":{"line":11,"column":2},"end":{"line":13,"column":3}},"6":{"start":{"line":12,"column":4},"end":{"line":12,"column":50}},"7":{"start":{"line":15,"column":15},"end":{"line":15,"column":36}},"8":{"start":{"line":16,"column":16},"end":{"line":16,"column":36}},"9":{"start":{"line":18,"column":2},"end":{"line":24,"column":4}}},"fnMap":{"0":{"name":"(anonymous_7)","decl":{"start":{"line":6,"column":30},"end":{"line":6,"column":37}},"loc":{"start":{"line":6,"column":76},"end":{"line":25,"column":2}}},"1":{"name":"(anonymous_8)","decl":{"start":{"line":6,"column":76},"end":{"line":6,"column":null}},"loc":{"start":{"line":6,"column":76},"end":{"line":25,"column":1}}}},"branchMap":{"0":{"loc":{"start":{"line":11,"column":2},"end":{"line":13,"column":3}},"type":"if","locations":[{"start":{"line":11,"column":2},"end":{"line":13,"column":3}}]}},"s":{"0":0,"1":0,"2":0,"3":0,"4":0,"5":0,"6":0,"7":0,"8":0,"9":0},"f":{"0":0,"1":0},"b":{"0":[0]}}
,"/Users/fahadkiani/Desktop/development/project/src/api/economic-calendar.ts": {"path":"/Users/fahadkiani/Desktop/development/project/src/api/economic-calendar.ts","statementMap":{"0":{"start":{"line":3,"column":37},"end":{"line":16,"column":2}},"1":{"start":{"line":3,"column":72},"end":{"line":16,"column":2}},"2":{"start":{"line":5,"column":19},"end":{"line":9,"column":4}},"3":{"start":{"line":11,"column":2},"end":{"line":13,"column":3}},"4":{"start":{"line":12,"column":4},"end":{"line":12,"column":57}},"5":{"start":{"line":15,"column":2},"end":{"line":15,"column":25}}},"fnMap":{"0":{"name":"(anonymous_7)","decl":{"start":{"line":3,"column":37},"end":{"line":3,"column":70}},"loc":{"start":{"line":3,"column":72},"end":{"line":16,"column":2}}},"1":{"name":"(anonymous_8)","decl":{"start":{"line":3,"column":72},"end":{"line":3,"column":null}},"loc":{"start":{"line":3,"column":72},"end":{"line":16,"column":1}}}},"branchMap":{"0":{"loc":{"start":{"line":7,"column":24},"end":{"line":7,"column":60}},"type":"binary-expr","locations":[{"start":{"line":7,"column":24},"end":{"line":7,"column":54}},{"start":{"line":7,"column":58},"end":{"line":7,"column":60}}]},"1":{"loc":{"start":{"line":11,"column":2},"end":{"line":13,"column":3}},"type":"if","locations":[{"start":{"line":11,"column":2},"end":{"line":13,"column":3}}]}},"s":{"0":0,"1":0,"2":0,"3":0,"4":0,"5":0},"f":{"0":0,"1":0},"b":{"0":[0,0],"1":[0]}}
,"/Users/fahadkiani/Desktop/development/project/src/api/fred.ts": {"path":"/Users/fahadkiani/Desktop/development/project/src/api/fred.ts","statementMap":{"0":{"start":{"line":7,"column":17},"end":{"line":7,"column":70}},"1":{"start":{"line":8,"column":16},"end":{"line":8,"column":49}},"2":{"start":{"line":10,"column":38},"end":{"line":28,"column":2}},"3":{"start":{"line":13,"column":34},"end":{"line":28,"column":2}},"4":{"start":{"line":14,"column":19},"end":{"line":15,"column":null}},"5":{"start":{"line":18,"column":2},"end":{"line":20,"column":3}},"6":{"start":{"line":19,"column":4},"end":{"line":19,"column":49}},"7":{"start":{"line":22,"column":15},"end":{"line":22,"column":36}},"8":{"start":{"line":23,"column":2},"end":{"line":27,"column":6}},"9":{"start":{"line":23,"column":46},"end":{"line":27,"column":4}}},"fnMap":{"0":{"name":"(anonymous_7)","decl":{"start":{"line":10,"column":38},"end":{"line":10,"column":null}},"loc":{"start":{"line":13,"column":34},"end":{"line":28,"column":2}}},"1":{"name":"(anonymous_8)","decl":{"start":{"line":13,"column":34},"end":{"line":13,"column":null}},"loc":{"start":{"line":13,"column":34},"end":{"line":28,"column":1}}},"2":{"name":"(anonymous_9)","decl":{"start":{"line":23,"column":31},"end":{"line":23,"column":32}},"loc":{"start":{"line":23,"column":46},"end":{"line":27,"column":4}}}},"branchMap":{"0":{"loc":{"start":{"line":18,"column":2},"end":{"line":20,"column":3}},"type":"if","locations":[{"start":{"line":18,"column":2},"end":{"line":20,"column":3}}]}},"s":{"0":0,"1":0,"2":0,"3":0,"4":0,"5":0,"6":0,"7":0,"8":0,"9":0},"f":{"0":0,"1":0,"2":0},"b":{"0":[0]}}
,"/Users/fahadkiani/Desktop/development/project/src/api/market-data.ts": {"path":"/Users/fahadkiani/Desktop/development/project/src/api/market-data.ts","statementMap":{"0":{"start":{"line":3,"column":31},"end":{"line":6,"column":2}},"1":{"start":{"line":3,"column":82},"end":{"line":6,"column":2}},"2":{"start":{"line":5,"column":2},"end":{"line":5,"column":29}}},"fnMap":{"0":{"name":"(anonymous_7)","decl":{"start":{"line":3,"column":31},"end":{"line":3,"column":38}},"loc":{"start":{"line":3,"column":82},"end":{"line":6,"column":2}}},"1":{"name":"(anonymous_8)","decl":{"start":{"line":3,"column":82},"end":{"line":3,"column":null}},"loc":{"start":{"line":3,"column":82},"end":{"line":6,"column":1}}}},"branchMap":{},"s":{"0":0,"1":0,"2":0},"f":{"0":0,"1":0},"b":{}}
,"/Users/fahadkiani/Desktop/development/project/src/api/news.ts": {"path":"/Users/fahadkiani/Desktop/development/project/src/api/news.ts","statementMap":{"0":{"start":{"line":3,"column":22},"end":{"line":3,"column":56}},"1":{"start":{"line":4,"column":24},"end":{"line":4,"column":60}},"2":{"start":{"line":6,"column":25},"end":{"line":26,"column":2}},"3":{"start":{"line":6,"column":69},"end":{"line":26,"column":2}},"4":{"start":{"line":7,"column":19},"end":{"line":8,"column":null}},"5":{"start":{"line":11,"column":2},"end":{"line":13,"column":3}},"6":{"start":{"line":12,"column":4},"end":{"line":12,"column":49}},"7":{"start":{"line":15,"column":15},"end":{"line":15,"column":36}},"8":{"start":{"line":16,"column":18},"end":{"line":16,"column":33}},"9":{"start":{"line":18,"column":2},"end":{"line":25,"column":4}}},"fnMap":{"0":{"name":"(anonymous_7)","decl":{"start":{"line":6,"column":25},"end":{"line":6,"column":32}},"loc":{"start":{"line":6,"column":69},"end":{"line":26,"column":2}}},"1":{"name":"(anonymous_8)","decl":{"start":{"line":6,"column":69},"end":{"line":6,"column":null}},"loc":{"start":{"line":6,"column":69},"end":{"line":26,"column":1}}}},"branchMap":{"0":{"loc":{"start":{"line":11,"column":2},"end":{"line":13,"column":3}},"type":"if","locations":[{"start":{"line":11,"column":2},"end":{"line":13,"column":3}}]}},"s":{"0":0,"1":0,"2":0,"3":0,"4":0,"5":0,"6":0,"7":0,"8":0,"9":0},"f":{"0":0,"1":0},"b":{"0":[0]}}
,"/Users/fahadkiani/Desktop/development/project/src/api/controllers/news.controller.ts": {"path":"/Users/fahadkiani/Desktop/development/project/src/api/controllers/news.controller.ts","statementMap":{"0":{"start":{"line":12,"column":2},"end":{"line":23,"column":4}},"1":{"start":{"line":12,"column":56},"end":{"line":23,"column":4}},"2":{"start":{"line":13,"column":4},"end":{"line":22,"column":5}},"3":{"start":{"line":14,"column":20},"end":{"line":14,"column":62}},"4":{"start":{"line":15,"column":19},"end":{"line":15,"column":62}},"5":{"start":{"line":16,"column":6},"end":{"line":16,"column":21}},"6":{"start":{"line":18,"column":6},"end":{"line":21,"column":9}},"7":{"start":{"line":26,"column":2},"end":{"line":37,"column":4}},"8":{"start":{"line":26,"column":60},"end":{"line":37,"column":4}},"9":{"start":{"line":27,"column":4},"end":{"line":36,"column":5}},"10":{"start":{"line":28,"column":27},"end":{"line":28,"column":37}},"11":{"start":{"line":29,"column":19},"end":{"line":29,"column":69}},"12":{"start":{"line":30,"column":6},"end":{"line":30,"column":21}},"13":{"start":{"line":32,"column":6},"end":{"line":35,"column":9}},"14":{"start":{"line":40,"column":2},"end":{"line":54,"column":4}},"15":{"start":{"line":40,"column":53},"end":{"line":54,"column":4}},"16":{"start":{"line":41,"column":4},"end":{"line":53,"column":5}},"17":{"start":{"line":42,"column":24},"end":{"line":42,"column":33}},"18":{"start":{"line":43,"column":6},"end":{"line":45,"column":7}},"19":{"start":{"line":44,"column":8},"end":{"line":44,"column":75}},"20":{"start":{"line":46,"column":19},"end":{"line":46,"column":69}},"21":{"start":{"line":47,"column":6},"end":{"line":47,"column":21}},"22":{"start":{"line":49,"column":6},"end":{"line":52,"column":9}},"23":{"start":{"line":57,"column":2},"end":{"line":71,"column":4}},"24":{"start":{"line":57,"column":53},"end":{"line":71,"column":4}},"25":{"start":{"line":58,"column":4},"end":{"line":70,"column":5}},"26":{"start":{"line":59,"column":21},"end":{"line":59,"column":31}},"27":{"start":{"line":60,"column":22},"end":{"line":60,"column":59}},"28":{"start":{"line":61,"column":6},"end":{"line":63,"column":7}},"29":{"start":{"line":62,"column":8},"end":{"line":62,"column":68}},"30":{"start":{"line":64,"column":6},"end":{"line":64,"column":24}},"31":{"start":{"line":66,"column":6},"end":{"line":69,"column":9}},"32":{"start":{"line":8,"column":4},"end":{"line":8,"column":41}}},"fnMap":{"0":{"name":"(anonymous_7)","decl":{"start":{"line":7,"column":2},"end":{"line":7,"column":null}},"loc":{"start":{"line":7,"column":2},"end":{"line":9,"column":3}}},"1":{"name":"(anonymous_8)","decl":{"start":{"line":12,"column":18},"end":{"line":12,"column":25}},"loc":{"start":{"line":12,"column":56},"end":{"line":23,"column":4}}},"2":{"name":"(anonymous_9)","decl":{"start":{"line":12,"column":56},"end":{"line":12,"column":null}},"loc":{"start":{"line":12,"column":56},"end":{"line":23,"column":3}}},"3":{"name":"(anonymous_10)","decl":{"start":{"line":26,"column":22},"end":{"line":26,"column":29}},"loc":{"start":{"line":26,"column":60},"end":{"line":37,"column":4}}},"4":{"name":"(anonymous_11)","decl":{"start":{"line":26,"column":60},"end":{"line":26,"column":null}},"loc":{"start":{"line":26,"column":60},"end":{"line":37,"column":3}}},"5":{"name":"(anonymous_12)","decl":{"start":{"line":40,"column":15},"end":{"line":40,"column":22}},"loc":{"start":{"line":40,"column":53},"end":{"line":54,"column":4}}},"6":{"name":"(anonymous_13)","decl":{"start":{"line":40,"column":53},"end":{"line":40,"column":null}},"loc":{"start":{"line":40,"column":53},"end":{"line":54,"column":3}}},"7":{"name":"(anonymous_14)","decl":{"start":{"line":57,"column":15},"end":{"line":57,"column":22}},"loc":{"start":{"line":57,"column":53},"end":{"line":71,"column":4}}},"8":{"name":"(anonymous_15)","decl":{"start":{"line":57,"column":53},"end":{"line":57,"column":null}},"loc":{"start":{"line":57,"column":53},"end":{"line":71,"column":3}}}},"branchMap":{"0":{"loc":{"start":{"line":14,"column":20},"end":{"line":14,"column":62}},"type":"binary-expr","locations":[{"start":{"line":14,"column":20},"end":{"line":14,"column":55}},{"start":{"line":14,"column":59},"end":{"line":14,"column":62}}]},"1":{"loc":{"start":{"line":20,"column":17},"end":{"line":20,"column":73}},"type":"cond-expr","locations":[{"start":{"line":20,"column":42},"end":{"line":20,"column":55}},{"start":{"line":20,"column":58},"end":{"line":20,"column":73}}]},"2":{"loc":{"start":{"line":34,"column":17},"end":{"line":34,"column":73}},"type":"cond-expr","locations":[{"start":{"line":34,"column":42},"end":{"line":34,"column":55}},{"start":{"line":34,"column":58},"end":{"line":34,"column":73}}]},"3":{"loc":{"start":{"line":43,"column":6},"end":{"line":45,"column":7}},"type":"if","locations":[{"start":{"line":43,"column":6},"end":{"line":45,"column":7}}]},"4":{"loc":{"start":{"line":51,"column":17},"end":{"line":51,"column":73}},"type":"cond-expr","locations":[{"start":{"line":51,"column":42},"end":{"line":51,"column":55}},{"start":{"line":51,"column":58},"end":{"line":51,"column":73}}]},"5":{"loc":{"start":{"line":61,"column":6},"end":{"line":63,"column":7}},"type":"if","locations":[{"start":{"line":61,"column":6},"end":{"line":63,"column":7}}]},"6":{"loc":{"start":{"line":68,"column":17},"end":{"line":68,"column":73}},"type":"cond-expr","locations":[{"start":{"line":68,"column":42},"end":{"line":68,"column":55}},{"start":{"line":68,"column":58},"end":{"line":68,"column":73}}]}},"s":{"0":0,"1":0,"2":0,"3":0,"4":0,"5":0,"6":0,"7":0,"8":0,"9":0,"10":0,"11":0,"12":0,"13":0,"14":0,"15":0,"16":0,"17":0,"18":0,"19":0,"20":0,"21":0,"22":0,"23":0,"24":0,"25":0,"26":0,"27":0,"28":0,"29":0,"30":0,"31":0,"32":0},"f":{"0":0,"1":0,"2":0,"3":0,"4":0,"5":0,"6":0,"7":0,"8":0},"b":{"0":[0,0],"1":[0,0],"2":[0,0],"3":[0],"4":[0,0],"5":[0],"6":[0,0]}}
,"/Users/fahadkiani/Desktop/development/project/src/api/routes/news.routes.ts": {"path":"/Users/fahadkiani/Desktop/development/project/src/api/routes/news.routes.ts","statementMap":{"0":{"start":{"line":4,"column":15},"end":{"line":4,"column":23}},"1":{"start":{"line":5,"column":23},"end":{"line":5,"column":43}},"2":{"start":{"line":8,"column":0},"end":{"line":8,"column":46}},"3":{"start":{"line":11,"column":0},"end":{"line":11,"column":49}},"4":{"start":{"line":14,"column":0},"end":{"line":14,"column":68}},"5":{"start":{"line":17,"column":0},"end":{"line":17,"column":46}}},"fnMap":{},"branchMap":{},"s":{"0":0,"1":0,"2":0,"3":0,"4":0,"5":0},"f":{},"b":{}}
,"/Users/fahadkiani/Desktop/development/project/src/api/trading-economics/scraper.ts": {"path":"/Users/fahadkiani/Desktop/development/project/src/api/trading-economics/scraper.ts","statementMap":{"0":{"start":{"line":4,"column":30},"end":{"line":4,"column":83}},"1":{"start":{"line":7,"column":2},"end":{"line":31,"column":3}},"2":{"start":{"line":8,"column":21},"end":{"line":8,"column":55}},"3":{"start":{"line":9,"column":17},"end":{"line":9,"column":38}},"4":{"start":{"line":10,"column":16},"end":{"line":10,"column":31}},"5":{"start":{"line":11,"column":21},"end":{"line":11,"column":40}},"6":{"start":{"line":13,"column":22},"end":{"line":13,"column":63}},"7":{"start":{"line":14,"column":4},"end":{"line":27,"column":7}},"8":{"start":{"line":15,"column":20},"end":{"line":15,"column":75}},"9":{"start":{"line":16,"column":22},"end":{"line":16,"column":83}},"10":{"start":{"line":17,"column":24},"end":{"line":17,"column":107}},"11":{"start":{"line":19,"column":6},"end":{"line":26,"column":8}},"12":{"start":{"line":29,"column":4},"end":{"line":29,"column":62}},"13":{"start":{"line":30,"column":4},"end":{"line":30,"column":14}}},"fnMap":{"0":{"name":"scrapeNews","decl":{"start":{"line":6,"column":22},"end":{"line":6,"column":32}},"loc":{"start":{"line":6,"column":32},"end":{"line":32,"column":null}}},"1":{"name":"(anonymous_9)","decl":{"start":{"line":14,"column":37},"end":{"line":14,"column":38}},"loc":{"start":{"line":14,"column":59},"end":{"line":27,"column":5}}}},"branchMap":{"0":{"loc":{"start":{"line":15,"column":20},"end":{"line":15,"column":75}},"type":"binary-expr","locations":[{"start":{"line":15,"column":20},"end":{"line":15,"column":69}},{"start":{"line":15,"column":73},"end":{"line":15,"column":75}}]},"1":{"loc":{"start":{"line":15,"column":20},"end":{"line":15,"column":69}},"type":"cond-expr","locations":[{"start":{"line":15,"column":61},"end":{"line":15,"column":63}},{"start":{"line":15,"column":61},"end":{"line":15,"column":69}}]},"2":{"loc":{"start":{"line":15,"column":20},"end":{"line":15,"column":63}},"type":"binary-expr","locations":[{"start":{"line":15,"column":20},"end":{"line":15,"column":63}},{"start":{"line":15,"column":61},"end":{"line":15,"column":63}}]},"3":{"loc":{"start":{"line":15,"column":20},"end":{"line":15,"column":61}},"type":"cond-expr","locations":[{"start":{"line":15,"column":48},"end":{"line":15,"column":50}},{"start":{"line":15,"column":48},"end":{"line":15,"column":61}}]},"4":{"loc":{"start":{"line":15,"column":20},"end":{"line":15,"column":50}},"type":"binary-expr","locations":[{"start":{"line":15,"column":20},"end":{"line":15,"column":50}},{"start":{"line":15,"column":48},"end":{"line":15,"column":50}}]},"5":{"loc":{"start":{"line":16,"column":22},"end":{"line":16,"column":83}},"type":"binary-expr","locations":[{"start":{"line":16,"column":22},"end":{"line":16,"column":77}},{"start":{"line":16,"column":81},"end":{"line":16,"column":83}}]},"6":{"loc":{"start":{"line":16,"column":22},"end":{"line":16,"column":77}},"type":"cond-expr","locations":[{"start":{"line":16,"column":69},"end":{"line":16,"column":71}},{"start":{"line":16,"column":69},"end":{"line":16,"column":77}}]},"7":{"loc":{"start":{"line":16,"column":22},"end":{"line":16,"column":71}},"type":"binary-expr","locations":[{"start":{"line":16,"column":22},"end":{"line":16,"column":71}},{"start":{"line":16,"column":69},"end":{"line":16,"column":71}}]},"8":{"loc":{"start":{"line":16,"column":22},"end":{"line":16,"column":69}},"type":"cond-expr","locations":[{"start":{"line":16,"column":56},"end":{"line":16,"column":58}},{"start":{"line":16,"column":56},"end":{"line":16,"column":69}}]},"9":{"loc":{"start":{"line":16,"column":22},"end":{"line":16,"column":58}},"type":"binary-expr","locations":[{"start":{"line":16,"column":22},"end":{"line":16,"column":58}},{"start":{"line":16,"column":56},"end":{"line":16,"column":58}}]},"10":{"loc":{"start":{"line":17,"column":24},"end":{"line":17,"column":107}},"type":"binary-expr","locations":[{"start":{"line":17,"column":24},"end":{"line":17,"column":79}},{"start":{"line":17,"column":83},"end":{"line":17,"column":107}}]},"11":{"loc":{"start":{"line":17,"column":24},"end":{"line":17,"column":79}},"type":"cond-expr","locations":[{"start":{"line":17,"column":51},"end":{"line":17,"column":53}},{"start":{"line":17,"column":51},"end":{"line":17,"column":79}}]},"12":{"loc":{"start":{"line":17,"column":24},"end":{"line":17,"column":53}},"type":"binary-expr","locations":[{"start":{"line":17,"column":24},"end":{"line":17,"column":53}},{"start":{"line":17,"column":51},"end":{"line":17,"column":53}}]}},"s":{"0":0,"1":0,"2":0,"3":0,"4":0,"5":0,"6":0,"7":0,"8":0,"9":0,"10":0,"11":0,"12":0,"13":0},"f":{"0":0,"1":0},"b":{"0":[0,0],"1":[0,0],"2":[0,0],"3":[0,0],"4":[0,0],"5":[0,0],"6":[0,0],"7":[0,0],"8":[0,0],"9":[0,0],"10":[0,0],"11":[0,0],"12":[0,0]}}
,"/Users/fahadkiani/Desktop/development/project/src/cache/CacheService.ts": {"path":"/Users/fahadkiani/Desktop/development/project/src/cache/CacheService.ts","statementMap":{"0":{"start":{"line":1,"column":0},"end":{"line":1,"column":43}},"1":{"start":{"line":10,"column":4},"end":{"line":10,"column":46}},"2":{"start":{"line":11,"column":4},"end":{"line":11,"column":25}},"3":{"start":{"line":15,"column":4},"end":{"line":26,"column":5}},"4":{"start":{"line":16,"column":19},"end":{"line":16,"column":44}},"5":{"start":{"line":17,"column":6},"end":{"line":20,"column":7}},"6":{"start":{"line":18,"column":8},"end":{"line":18,"column":54}},"7":{"start":{"line":19,"column":8},"end":{"line":19,"column":32}},"8":{"start":{"line":21,"column":6},"end":{"line":21,"column":53}},"9":{"start":{"line":22,"column":6},"end":{"line":22,"column":18}},"10":{"start":{"line":24,"column":6},"end":{"line":24,"column":51}},"11":{"start":{"line":25,"column":6},"end":{"line":25,"column":18}},"12":{"start":{"line":30,"column":4},"end":{"line":41,"column":5}},"13":{"start":{"line":31,"column":25},"end":{"line":31,"column":46}},"14":{"start":{"line":32,"column":6},"end":{"line":38,"column":7}},"15":{"start":{"line":33,"column":8},"end":{"line":33,"column":53}},"16":{"start":{"line":34,"column":8},"end":{"line":34,"column":63}},"17":{"start":{"line":36,"column":8},"end":{"line":36,"column":46}},"18":{"start":{"line":37,"column":8},"end":{"line":37,"column":54}},"19":{"start":{"line":40,"column":6},"end":{"line":40,"column":51}},"20":{"start":{"line":5,"column":0},"end":{"line":5,"column":13}}},"fnMap":{"0":{"name":"(anonymous_7)","decl":{"start":{"line":9,"column":2},"end":{"line":9,"column":14}},"loc":{"start":{"line":9,"column":50},"end":{"line":12,"column":3}}},"1":{"name":"(anonymous_8)","decl":{"start":{"line":14,"column":8},"end":{"line":14,"column":11}},"loc":{"start":{"line":14,"column":26},"end":{"line":27,"column":null}}},"2":{"name":"(anonymous_10)","decl":{"start":{"line":29,"column":8},"end":{"line":29,"column":11}},"loc":{"start":{"line":29,"column":50},"end":{"line":42,"column":null}}}},"branchMap":{"0":{"loc":{"start":{"line":17,"column":6},"end":{"line":20,"column":7}},"type":"if","locations":[{"start":{"line":17,"column":6},"end":{"line":20,"column":7}}]},"1":{"loc":{"start":{"line":32,"column":6},"end":{"line":38,"column":7}},"type":"if","locations":[{"start":{"line":32,"column":6},"end":{"line":38,"column":7}},{"start":{"line":35,"column":13},"end":{"line":38,"column":7}}]}},"s":{"0":1,"1":6,"2":6,"3":3,"4":3,"5":2,"6":1,"7":1,"8":1,"9":1,"10":1,"11":1,"12":3,"13":3,"14":3,"15":1,"16":1,"17":2,"18":1,"19":1,"20":1},"f":{"0":6,"1":3,"2":3},"b":{"0":[1],"1":[1,2]}}
,"/Users/fahadkiani/Desktop/development/project/src/cache/redisCacheManager.ts": {"path":"/Users/fahadkiani/Desktop/development/project/src/cache/redisCacheManager.ts","statementMap":{"0":{"start":{"line":5,"column":14},"end":{"line":8,"column":2}},"1":{"start":{"line":10,"column":23},"end":{"line":10,"column":35}},"2":{"start":{"line":16,"column":4},"end":{"line":16,"column":25}},"3":{"start":{"line":20,"column":17},"end":{"line":22,"column":20}},"4":{"start":{"line":23,"column":4},"end":{"line":23,"column":36}},"5":{"start":{"line":27,"column":4},"end":{"line":33,"column":5}},"6":{"start":{"line":28,"column":21},"end":{"line":28,"column":57}},"7":{"start":{"line":29,"column":6},"end":{"line":29,"column":48}},"8":{"start":{"line":31,"column":6},"end":{"line":31,"column":47}},"9":{"start":{"line":32,"column":6},"end":{"line":32,"column":18}},"10":{"start":{"line":37,"column":4},"end":{"line":46,"column":5}},"11":{"start":{"line":38,"column":6},"end":{"line":43,"column":8}},"12":{"start":{"line":45,"column":6},"end":{"line":45,"column":47}}},"fnMap":{"0":{"name":"(anonymous_7)","decl":{"start":{"line":15,"column":2},"end":{"line":15,"column":14}},"loc":{"start":{"line":15,"column":28},"end":{"line":17,"column":3}}},"1":{"name":"(anonymous_8)","decl":{"start":{"line":19,"column":10},"end":{"line":19,"column":19}},"loc":{"start":{"line":19,"column":29},"end":{"line":24,"column":3}}},"2":{"name":"(anonymous_9)","decl":{"start":{"line":26,"column":8},"end":{"line":26,"column":11}},"loc":{"start":{"line":26,"column":26},"end":{"line":34,"column":null}}},"3":{"name":"(anonymous_11)","decl":{"start":{"line":36,"column":8},"end":{"line":36,"column":11}},"loc":{"start":{"line":36,"column":35},"end":{"line":47,"column":null}}}},"branchMap":{"0":{"loc":{"start":{"line":29,"column":13},"end":{"line":29,"column":47}},"type":"cond-expr","locations":[{"start":{"line":29,"column":22},"end":{"line":29,"column":40}},{"start":{"line":29,"column":43},"end":{"line":29,"column":47}}]}},"s":{"0":0,"1":0,"2":0,"3":0,"4":0,"5":0,"6":0,"7":0,"8":0,"9":0,"10":0,"11":0,"12":0},"f":{"0":0,"1":0,"2":0,"3":0},"b":{"0":[0,0]}}
,"/Users/fahadkiani/Desktop/development/project/src/hooks/useBackendStatus.ts": {"path":"/Users/fahadkiani/Desktop/development/project/src/hooks/useBackendStatus.ts","statementMap":{"0":{"start":{"line":7,"column":40},"end":{"line":7,"column":55}},"1":{"start":{"line":8,"column":38},"end":{"line":8,"column":52}},"2":{"start":{"line":10,"column":2},"end":{"line":56,"column":22}},"3":{"start":{"line":11,"column":18},"end":{"line":11,"column":22}},"4":{"start":{"line":14,"column":24},"end":{"line":37,"column":6}},"5":{"start":{"line":14,"column":35},"end":{"line":37,"column":6}},"6":{"start":{"line":15,"column":6},"end":{"line":36,"column":7}},"7":{"start":{"line":16,"column":8},"end":{"line":16,"column":28}},"8":{"start":{"line":17,"column":23},"end":{"line":22,"column":null}},"9":{"start":{"line":18,"column":16},"end":{"line":18,"column":45}},"10":{"start":{"line":25,"column":8},"end":{"line":27,"column":9}},"11":{"start":{"line":26,"column":10},"end":{"line":26,"column":33}},"12":{"start":{"line":29,"column":8},"end":{"line":31,"column":9}},"13":{"start":{"line":30,"column":10},"end":{"line":30,"column":32}},"14":{"start":{"line":33,"column":8},"end":{"line":35,"column":9}},"15":{"start":{"line":34,"column":10},"end":{"line":34,"column":31}},"16":{"start":{"line":39,"column":30},"end":{"line":44,"column":5}},"17":{"start":{"line":40,"column":6},"end":{"line":43,"column":24}},"18":{"start":{"line":40,"column":47},"end":{"line":43,"column":9}},"19":{"start":{"line":41,"column":8},"end":{"line":41,"column":28}},"20":{"start":{"line":42,"column":8},"end":{"line":42,"column":28}},"21":{"start":{"line":46,"column":4},"end":{"line":50,"column":7}},"22":{"start":{"line":47,"column":6},"end":{"line":49,"column":7}},"23":{"start":{"line":48,"column":8},"end":{"line":48,"column":28}},"24":{"start":{"line":52,"column":4},"end":{"line":55,"column":6}},"25":{"start":{"line":53,"column":6},"end":{"line":53,"column":22}},"26":{"start":{"line":54,"column":6},"end":{"line":54,"column":37}},"27":{"start":{"line":58,"column":2},"end":{"line":58,"column":37}}},"fnMap":{"0":{"name":"useBackendStatus","decl":{"start":{"line":6,"column":16},"end":{"line":6,"column":32}},"loc":{"start":{"line":6,"column":85},"end":{"line":59,"column":1}}},"1":{"name":"(anonymous_8)","decl":{"start":{"line":10,"column":12},"end":{"line":10,"column":15}},"loc":{"start":{"line":10,"column":17},"end":{"line":56,"column":3}}},"2":{"name":"(anonymous_9)","decl":{"start":{"line":14,"column":24},"end":{"line":14,"column":33}},"loc":{"start":{"line":14,"column":35},"end":{"line":37,"column":6}}},"3":{"name":"(anonymous_10)","decl":{"start":{"line":14,"column":35},"end":{"line":14,"column":null}},"loc":{"start":{"line":14,"column":35},"end":{"line":37,"column":5}}},"4":{"name":"(anonymous_11)","decl":{"start":{"line":18,"column":10},"end":{"line":18,"column":13}},"loc":{"start":{"line":18,"column":16},"end":{"line":18,"column":45}}},"5":{"name":"(anonymous_12)","decl":{"start":{"line":39,"column":30},"end":{"line":39,"column":33}},"loc":{"start":{"line":39,"column":35},"end":{"line":44,"column":5}}},"6":{"name":"(anonymous_13)","decl":{"start":{"line":40,"column":36},"end":{"line":40,"column":45}},"loc":{"start":{"line":40,"column":47},"end":{"line":43,"column":9}}},"7":{"name":"(anonymous_14)","decl":{"start":{"line":40,"column":47},"end":{"line":40,"column":null}},"loc":{"start":{"line":40,"column":47},"end":{"line":43,"column":7}}},"8":{"name":"(anonymous_15)","decl":{"start":{"line":46,"column":23},"end":{"line":46,"column":26}},"loc":{"start":{"line":46,"column":28},"end":{"line":50,"column":5}}},"9":{"name":"(anonymous_16)","decl":{"start":{"line":52,"column":11},"end":{"line":52,"column":14}},"loc":{"start":{"line":52,"column":16},"end":{"line":55,"column":5}}}},"branchMap":{"0":{"loc":{"start":{"line":6,"column":33},"end":{"line":6,"column":85}},"type":"default-arg","locations":[{"start":{"line":6,"column":49},"end":{"line":6,"column":85}}]},"1":{"loc":{"start":{"line":25,"column":8},"end":{"line":27,"column":9}},"type":"if","locations":[{"start":{"line":25,"column":8},"end":{"line":27,"column":9}}]},"2":{"loc":{"start":{"line":29,"column":8},"end":{"line":31,"column":9}},"type":"if","locations":[{"start":{"line":29,"column":8},"end":{"line":31,"column":9}}]},"3":{"loc":{"start":{"line":33,"column":8},"end":{"line":35,"column":9}},"type":"if","locations":[{"start":{"line":33,"column":8},"end":{"line":35,"column":9}}]},"4":{"loc":{"start":{"line":47,"column":6},"end":{"line":49,"column":7}},"type":"if","locations":[{"start":{"line":47,"column":6},"end":{"line":49,"column":7}}]}},"s":{"0":0,"1":0,"2":0,"3":0,"4":0,"5":0,"6":0,"7":0,"8":0,"9":0,"10":0,"11":0,"12":0,"13":0,"14":0,"15":0,"16":0,"17":0,"18":0,"19":0,"20":0,"21":0,"22":0,"23":0,"24":0,"25":0,"26":0,"27":0},"f":{"0":0,"1":0,"2":0,"3":0,"4":0,"5":0,"6":0,"7":0,"8":0,"9":0},"b":{"0":[0],"1":[0],"2":[0],"3":[0],"4":[0]}}
,"/Users/fahadkiani/Desktop/development/project/src/hooks/useMarketData.ts": {"path":"/Users/fahadkiani/Desktop/development/project/src/hooks/useMarketData.ts","statementMap":{"0":{"start":{"line":5,"column":29},"end":{"line":31,"column":1}},"1":{"start":{"line":6,"column":26},"end":{"line":6,"column":52}},"2":{"start":{"line":7,"column":32},"end":{"line":7,"column":46}},"3":{"start":{"line":8,"column":28},"end":{"line":8,"column":56}},"4":{"start":{"line":10,"column":2},"end":{"line":28,"column":16}},"5":{"start":{"line":11,"column":22},"end":{"line":22,"column":6}},"6":{"start":{"line":11,"column":33},"end":{"line":22,"column":6}},"7":{"start":{"line":12,"column":6},"end":{"line":21,"column":7}},"8":{"start":{"line":13,"column":8},"end":{"line":13,"column":25}},"9":{"start":{"line":14,"column":25},"end":{"line":14,"column":70}},"10":{"start":{"line":14,"column":47},"end":{"line":14,"column":69}},"11":{"start":{"line":15,"column":24},"end":{"line":15,"column":51}},"12":{"start":{"line":16,"column":8},"end":{"line":16,"column":25}},"13":{"start":{"line":18,"column":8},"end":{"line":18,"column":88}},"14":{"start":{"line":20,"column":8},"end":{"line":20,"column":26}},"15":{"start":{"line":24,"column":4},"end":{"line":24,"column":16}},"16":{"start":{"line":25,"column":21},"end":{"line":25,"column":58}},"17":{"start":{"line":27,"column":4},"end":{"line":27,"column":41}},"18":{"start":{"line":27,"column":17},"end":{"line":27,"column":40}},"19":{"start":{"line":30,"column":2},"end":{"line":30,"column":34}}},"fnMap":{"0":{"name":"(anonymous_7)","decl":{"start":{"line":5,"column":29},"end":{"line":5,"column":30}},"loc":{"start":{"line":5,"column":51},"end":{"line":31,"column":1}}},"1":{"name":"(anonymous_8)","decl":{"start":{"line":10,"column":12},"end":{"line":10,"column":15}},"loc":{"start":{"line":10,"column":17},"end":{"line":28,"column":3}}},"2":{"name":"(anonymous_9)","decl":{"start":{"line":11,"column":22},"end":{"line":11,"column":31}},"loc":{"start":{"line":11,"column":33},"end":{"line":22,"column":6}}},"3":{"name":"(anonymous_10)","decl":{"start":{"line":11,"column":33},"end":{"line":11,"column":null}},"loc":{"start":{"line":11,"column":33},"end":{"line":22,"column":5}}},"4":{"name":"(anonymous_11)","decl":{"start":{"line":14,"column":37},"end":{"line":14,"column":43}},"loc":{"start":{"line":14,"column":47},"end":{"line":14,"column":69}}},"5":{"name":"(anonymous_12)","decl":{"start":{"line":27,"column":11},"end":{"line":27,"column":14}},"loc":{"start":{"line":27,"column":17},"end":{"line":27,"column":40}}}},"branchMap":{"0":{"loc":{"start":{"line":18,"column":17},"end":{"line":18,"column":86}},"type":"cond-expr","locations":[{"start":{"line":18,"column":40},"end":{"line":18,"column":43}},{"start":{"line":18,"column":46},"end":{"line":18,"column":86}}]}},"s":{"0":0,"1":0,"2":0,"3":0,"4":0,"5":0,"6":0,"7":0,"8":0,"9":0,"10":0,"11":0,"12":0,"13":0,"14":0,"15":0,"16":0,"17":0,"18":0,"19":0},"f":{"0":0,"1":0,"2":0,"3":0,"4":0,"5":0},"b":{"0":[0,0]}}
,"/Users/fahadkiani/Desktop/development/project/src/hooks/useNewsAnalysis.ts": {"path":"/Users/fahadkiani/Desktop/development/project/src/hooks/useNewsAnalysis.ts","statementMap":{"0":{"start":{"line":5,"column":31},"end":{"line":39,"column":1}},"1":{"start":{"line":6,"column":34},"end":{"line":6,"column":67}},"2":{"start":{"line":7,"column":32},"end":{"line":7,"column":47}},"3":{"start":{"line":8,"column":28},"end":{"line":8,"column":56}},"4":{"start":{"line":10,"column":2},"end":{"line":36,"column":17}},"5":{"start":{"line":11,"column":28},"end":{"line":31,"column":6}},"6":{"start":{"line":11,"column":39},"end":{"line":31,"column":6}},"7":{"start":{"line":12,"column":6},"end":{"line":30,"column":7}},"8":{"start":{"line":13,"column":8},"end":{"line":13,"column":25}},"9":{"start":{"line":14,"column":24},"end":{"line":17,"column":null}},"10":{"start":{"line":16,"column":12},"end":{"line":16,"column":73}},"11":{"start":{"line":20,"column":28},"end":{"line":23,"column":37}},"12":{"start":{"line":21,"column":10},"end":{"line":21,"column":43}},"13":{"start":{"line":22,"column":10},"end":{"line":22,"column":21}},"14":{"start":{"line":25,"column":8},"end":{"line":25,"column":33}},"15":{"start":{"line":27,"column":8},"end":{"line":27,"column":87}},"16":{"start":{"line":29,"column":8},"end":{"line":29,"column":26}},"17":{"start":{"line":33,"column":4},"end":{"line":35,"column":5}},"18":{"start":{"line":34,"column":6},"end":{"line":34,"column":24}},"19":{"start":{"line":38,"column":2},"end":{"line":38,"column":38}}},"fnMap":{"0":{"name":"(anonymous_7)","decl":{"start":{"line":5,"column":31},"end":{"line":5,"column":32}},"loc":{"start":{"line":5,"column":59},"end":{"line":39,"column":1}}},"1":{"name":"(anonymous_8)","decl":{"start":{"line":10,"column":12},"end":{"line":10,"column":15}},"loc":{"start":{"line":10,"column":17},"end":{"line":36,"column":3}}},"2":{"name":"(anonymous_9)","decl":{"start":{"line":11,"column":28},"end":{"line":11,"column":37}},"loc":{"start":{"line":11,"column":39},"end":{"line":31,"column":6}}},"3":{"name":"(anonymous_10)","decl":{"start":{"line":11,"column":39},"end":{"line":11,"column":null}},"loc":{"start":{"line":11,"column":39},"end":{"line":31,"column":5}}},"4":{"name":"(anonymous_11)","decl":{"start":{"line":15,"column":23},"end":{"line":15,"column":30}},"loc":{"start":{"line":16,"column":12},"end":{"line":16,"column":73}}},"5":{"name":"(anonymous_12)","decl":{"start":{"line":20,"column":44},"end":{"line":20,"column":45}},"loc":{"start":{"line":20,"column":68},"end":{"line":23,"column":9}}}},"branchMap":{"0":{"loc":{"start":{"line":27,"column":17},"end":{"line":27,"column":85}},"type":"cond-expr","locations":[{"start":{"line":27,"column":40},"end":{"line":27,"column":43}},{"start":{"line":27,"column":46},"end":{"line":27,"column":85}}]},"1":{"loc":{"start":{"line":33,"column":4},"end":{"line":35,"column":5}},"type":"if","locations":[{"start":{"line":33,"column":4},"end":{"line":35,"column":5}}]}},"s":{"0":0,"1":0,"2":0,"3":0,"4":0,"5":0,"6":0,"7":0,"8":0,"9":0,"10":0,"11":0,"12":0,"13":0,"14":0,"15":0,"16":0,"17":0,"18":0,"19":0},"f":{"0":0,"1":0,"2":0,"3":0,"4":0,"5":0},"b":{"0":[0,0],"1":[0]}}
,"/Users/fahadkiani/Desktop/development/project/src/hooks/useNewsProcessor.ts": {"path":"/Users/fahadkiani/Desktop/development/project/src/hooks/useNewsProcessor.ts","statementMap":{"0":{"start":{"line":5,"column":52},"end":{"line":5,"column":84}},"1":{"start":{"line":6,"column":32},"end":{"line":6,"column":47}},"2":{"start":{"line":7,"column":28},"end":{"line":7,"column":56}},"3":{"start":{"line":9,"column":2},"end":{"line":62,"column":17}},"4":{"start":{"line":10,"column":28},"end":{"line":57,"column":6}},"5":{"start":{"line":10,"column":39},"end":{"line":57,"column":6}},"6":{"start":{"line":11,"column":6},"end":{"line":56,"column":7}},"7":{"start":{"line":12,"column":8},"end":{"line":12,"column":25}},"8":{"start":{"line":13,"column":8},"end":{"line":13,"column":54}},"9":{"start":{"line":15,"column":26},"end":{"line":46,"column":10}},"10":{"start":{"line":16,"column":28},"end":{"line":20,"column":12}},"11":{"start":{"line":22,"column":10},"end":{"line":45,"column":12}},"12":{"start":{"line":48,"column":8},"end":{"line":48,"column":54}},"13":{"start":{"line":49,"column":8},"end":{"line":49,"column":40}},"14":{"start":{"line":50,"column":8},"end":{"line":50,"column":23}},"15":{"start":{"line":52,"column":8},"end":{"line":52,"column":57}},"16":{"start":{"line":53,"column":8},"end":{"line":53,"column":87}},"17":{"start":{"line":55,"column":8},"end":{"line":55,"column":26}},"18":{"start":{"line":59,"column":4},"end":{"line":61,"column":5}},"19":{"start":{"line":60,"column":6},"end":{"line":60,"column":24}},"20":{"start":{"line":64,"column":2},"end":{"line":64,"column":47}}},"fnMap":{"0":{"name":"useNewsProcessor","decl":{"start":{"line":4,"column":16},"end":{"line":4,"column":32}},"loc":{"start":{"line":4,"column":59},"end":{"line":65,"column":1}}},"1":{"name":"(anonymous_8)","decl":{"start":{"line":9,"column":12},"end":{"line":9,"column":15}},"loc":{"start":{"line":9,"column":17},"end":{"line":62,"column":3}}},"2":{"name":"(anonymous_9)","decl":{"start":{"line":10,"column":28},"end":{"line":10,"column":37}},"loc":{"start":{"line":10,"column":39},"end":{"line":57,"column":6}}},"3":{"name":"(anonymous_10)","decl":{"start":{"line":10,"column":39},"end":{"line":10,"column":null}},"loc":{"start":{"line":10,"column":39},"end":{"line":57,"column":5}}},"4":{"name":"(anonymous_11)","decl":{"start":{"line":15,"column":39},"end":{"line":15,"column":40}},"loc":{"start":{"line":15,"column":51},"end":{"line":46,"column":9}}}},"branchMap":{"0":{"loc":{"start":{"line":53,"column":17},"end":{"line":53,"column":85}},"type":"cond-expr","locations":[{"start":{"line":53,"column":40},"end":{"line":53,"column":43}},{"start":{"line":53,"column":46},"end":{"line":53,"column":85}}]},"1":{"loc":{"start":{"line":59,"column":4},"end":{"line":61,"column":5}},"type":"if","locations":[{"start":{"line":59,"column":4},"end":{"line":61,"column":5}}]}},"s":{"0":0,"1":0,"2":0,"3":0,"4":0,"5":0,"6":0,"7":0,"8":0,"9":0,"10":0,"11":0,"12":0,"13":0,"14":0,"15":0,"16":0,"17":0,"18":0,"19":0,"20":0},"f":{"0":0,"1":0,"2":0,"3":0,"4":0},"b":{"0":[0,0],"1":[0]}}
,"/Users/fahadkiani/Desktop/development/project/src/hooks/useNewsScraper.ts": {"path":"/Users/fahadkiani/Desktop/development/project/src/hooks/useNewsScraper.ts","statementMap":{"0":{"start":{"line":6,"column":26},"end":{"line":6,"column":56}},"1":{"start":{"line":7,"column":32},"end":{"line":7,"column":46}},"2":{"start":{"line":8,"column":28},"end":{"line":8,"column":56}},"3":{"start":{"line":10,"column":2},"end":{"line":57,"column":24}},"4":{"start":{"line":11,"column":18},"end":{"line":11,"column":22}},"5":{"start":{"line":14,"column":22},"end":{"line":35,"column":6}},"6":{"start":{"line":14,"column":51},"end":{"line":35,"column":6}},"7":{"start":{"line":15,"column":6},"end":{"line":34,"column":7}},"8":{"start":{"line":16,"column":8},"end":{"line":16,"column":25}},"9":{"start":{"line":17,"column":8},"end":{"line":17,"column":49}},"10":{"start":{"line":18,"column":25},"end":{"line":18,"column":64}},"11":{"start":{"line":20,"column":8},"end":{"line":24,"column":9}},"12":{"start":{"line":21,"column":10},"end":{"line":21,"column":61}},"13":{"start":{"line":22,"column":10},"end":{"line":22,"column":28}},"14":{"start":{"line":23,"column":10},"end":{"line":23,"column":25}},"15":{"start":{"line":26,"column":8},"end":{"line":26,"column":52}},"16":{"start":{"line":27,"column":8},"end":{"line":29,"column":9}},"17":{"start":{"line":28,"column":10},"end":{"line":28,"column":83}},"18":{"start":{"line":31,"column":8},"end":{"line":33,"column":9}},"19":{"start":{"line":32,"column":10},"end":{"line":32,"column":28}},"20":{"start":{"line":37,"column":30},"end":{"line":45,"column":5}},"21":{"start":{"line":38,"column":6},"end":{"line":44,"column":26}},"22":{"start":{"line":39,"column":8},"end":{"line":43,"column":11}},"23":{"start":{"line":40,"column":10},"end":{"line":42,"column":11}},"24":{"start":{"line":41,"column":12},"end":{"line":41,"column":32}},"25":{"start":{"line":47,"column":4},"end":{"line":51,"column":7}},"26":{"start":{"line":48,"column":6},"end":{"line":50,"column":7}},"27":{"start":{"line":49,"column":8},"end":{"line":49,"column":28}},"28":{"start":{"line":53,"column":4},"end":{"line":56,"column":6}},"29":{"start":{"line":54,"column":6},"end":{"line":54,"column":22}},"30":{"start":{"line":55,"column":6},"end":{"line":55,"column":37}},"31":{"start":{"line":59,"column":2},"end":{"line":59,"column":34}}},"fnMap":{"0":{"name":"useNewsScraper","decl":{"start":{"line":5,"column":16},"end":{"line":5,"column":30}},"loc":{"start":{"line":5,"column":55},"end":{"line":60,"column":1}}},"1":{"name":"(anonymous_8)","decl":{"start":{"line":10,"column":12},"end":{"line":10,"column":15}},"loc":{"start":{"line":10,"column":17},"end":{"line":57,"column":3}}},"2":{"name":"(anonymous_9)","decl":{"start":{"line":14,"column":22},"end":{"line":14,"column":29}},"loc":{"start":{"line":14,"column":51},"end":{"line":35,"column":6}}},"3":{"name":"(anonymous_10)","decl":{"start":{"line":14,"column":51},"end":{"line":14,"column":null}},"loc":{"start":{"line":14,"column":47},"end":{"line":35,"column":5}}},"4":{"name":"(anonymous_11)","decl":{"start":{"line":37,"column":30},"end":{"line":37,"column":33}},"loc":{"start":{"line":37,"column":35},"end":{"line":45,"column":5}}},"5":{"name":"(anonymous_12)","decl":{"start":{"line":38,"column":36},"end":{"line":38,"column":39}},"loc":{"start":{"line":38,"column":41},"end":{"line":44,"column":7}}},"6":{"name":"(anonymous_13)","decl":{"start":{"line":39,"column":29},"end":{"line":39,"column":32}},"loc":{"start":{"line":39,"column":34},"end":{"line":43,"column":9}}},"7":{"name":"(anonymous_14)","decl":{"start":{"line":47,"column":21},"end":{"line":47,"column":24}},"loc":{"start":{"line":47,"column":26},"end":{"line":51,"column":5}}},"8":{"name":"(anonymous_15)","decl":{"start":{"line":53,"column":11},"end":{"line":53,"column":14}},"loc":{"start":{"line":53,"column":16},"end":{"line":56,"column":5}}}},"branchMap":{"0":{"loc":{"start":{"line":5,"column":31},"end":{"line":5,"column":55}},"type":"default-arg","locations":[{"start":{"line":5,"column":49},"end":{"line":5,"column":55}}]},"1":{"loc":{"start":{"line":14,"column":29},"end":{"line":14,"column":47}},"type":"default-arg","locations":[{"start":{"line":14,"column":42},"end":{"line":14,"column":47}}]},"2":{"loc":{"start":{"line":20,"column":8},"end":{"line":24,"column":9}},"type":"if","locations":[{"start":{"line":20,"column":8},"end":{"line":24,"column":9}}]},"3":{"loc":{"start":{"line":27,"column":8},"end":{"line":29,"column":9}},"type":"if","locations":[{"start":{"line":27,"column":8},"end":{"line":29,"column":9}}]},"4":{"loc":{"start":{"line":28,"column":19},"end":{"line":28,"column":81}},"type":"cond-expr","locations":[{"start":{"line":28,"column":42},"end":{"line":28,"column":45}},{"start":{"line":28,"column":48},"end":{"line":28,"column":81}}]},"5":{"loc":{"start":{"line":31,"column":8},"end":{"line":33,"column":9}},"type":"if","locations":[{"start":{"line":31,"column":8},"end":{"line":33,"column":9}}]},"6":{"loc":{"start":{"line":40,"column":10},"end":{"line":42,"column":11}},"type":"if","locations":[{"start":{"line":40,"column":10},"end":{"line":42,"column":11}}]},"7":{"loc":{"start":{"line":48,"column":6},"end":{"line":50,"column":7}},"type":"if","locations":[{"start":{"line":48,"column":6},"end":{"line":50,"column":7}}]}},"s":{"0":0,"1":0,"2":0,"3":0,"4":0,"5":0,"6":0,"7":0,"8":0,"9":0,"10":0,"11":0,"12":0,"13":0,"14":0,"15":0,"16":0,"17":0,"18":0,"19":0,"20":0,"21":0,"22":0,"23":0,"24":0,"25":0,"26":0,"27":0,"28":0,"29":0,"30":0,"31":0},"f":{"0":0,"1":0,"2":0,"3":0,"4":0,"5":0,"6":0,"7":0,"8":0},"b":{"0":[0],"1":[0],"2":[0],"3":[0],"4":[0,0],"5":[0],"6":[0],"7":[0]}}
,"/Users/fahadkiani/Desktop/development/project/src/hooks/useWebSocket.ts": {"path":"/Users/fahadkiani/Desktop/development/project/src/hooks/useWebSocket.ts","statementMap":{"0":{"start":{"line":10,"column":28},"end":{"line":66,"column":1}},"1":{"start":{"line":11,"column":40},"end":{"line":11,"column":55}},"2":{"start":{"line":12,"column":28},"end":{"line":12,"column":56}},"3":{"start":{"line":13,"column":16},"end":{"line":13,"column":46}},"4":{"start":{"line":14,"column":31},"end":{"line":14,"column":40}},"5":{"start":{"line":15,"column":31},"end":{"line":15,"column":61}},"6":{"start":{"line":16,"column":28},"end":{"line":16,"column":61}},"7":{"start":{"line":18,"column":18},"end":{"line":50,"column":3}},"8":{"start":{"line":19,"column":4},"end":{"line":49,"column":5}},"9":{"start":{"line":20,"column":17},"end":{"line":20,"column":35}},"10":{"start":{"line":22,"column":6},"end":{"line":26,"column":8}},"11":{"start":{"line":23,"column":8},"end":{"line":23,"column":29}},"12":{"start":{"line":24,"column":8},"end":{"line":24,"column":23}},"13":{"start":{"line":25,"column":8},"end":{"line":25,"column":41}},"14":{"start":{"line":28,"column":6},"end":{"line":31,"column":8}},"15":{"start":{"line":29,"column":21},"end":{"line":29,"column":43}},"16":{"start":{"line":30,"column":8},"end":{"line":30,"column":34}},"17":{"start":{"line":33,"column":6},"end":{"line":36,"column":8}},"18":{"start":{"line":34,"column":8},"end":{"line":34,"column":24}},"19":{"start":{"line":35,"column":8},"end":{"line":35,"column":33}},"20":{"start":{"line":38,"column":6},"end":{"line":44,"column":8}},"21":{"start":{"line":39,"column":8},"end":{"line":39,"column":30}},"22":{"start":{"line":40,"column":8},"end":{"line":43,"column":9}},"23":{"start":{"line":41,"column":10},"end":{"line":41,"column":44}},"24":{"start":{"line":42,"column":10},"end":{"line":42,"column":49}},"25":{"start":{"line":46,"column":6},"end":{"line":46,"column":25}},"26":{"start":{"line":48,"column":6},"end":{"line":48,"column":29}},"27":{"start":{"line":52,"column":2},"end":{"line":57,"column":12}},"28":{"start":{"line":53,"column":4},"end":{"line":53,"column":14}},"29":{"start":{"line":54,"column":4},"end":{"line":56,"column":6}},"30":{"start":{"line":55,"column":6},"end":{"line":55,"column":29}},"31":{"start":{"line":59,"column":15},"end":{"line":63,"column":3}},"32":{"start":{"line":60,"column":4},"end":{"line":62,"column":5}},"33":{"start":{"line":61,"column":6},"end":{"line":61,"column":47}},"34":{"start":{"line":65,"column":2},"end":{"line":65,"column":38}}},"fnMap":{"0":{"name":"(anonymous_0)","decl":{"start":{"line":10,"column":28},"end":{"line":10,"column":29}},"loc":{"start":{"line":10,"column":76},"end":{"line":66,"column":1}}},"1":{"name":"(anonymous_1)","decl":{"start":{"line":18,"column":18},"end":{"line":18,"column":21}},"loc":{"start":{"line":18,"column":23},"end":{"line":50,"column":3}}},"2":{"name":"(anonymous_2)","decl":{"start":{"line":22,"column":18},"end":{"line":22,"column":21}},"loc":{"start":{"line":22,"column":23},"end":{"line":26,"column":7}}},"3":{"name":"(anonymous_3)","decl":{"start":{"line":28,"column":21},"end":{"line":28,"column":22}},"loc":{"start":{"line":28,"column":31},"end":{"line":31,"column":7}}},"4":{"name":"(anonymous_4)","decl":{"start":{"line":33,"column":19},"end":{"line":33,"column":20}},"loc":{"start":{"line":33,"column":29},"end":{"line":36,"column":7}}},"5":{"name":"(anonymous_5)","decl":{"start":{"line":38,"column":19},"end":{"line":38,"column":22}},"loc":{"start":{"line":38,"column":24},"end":{"line":44,"column":7}}},"6":{"name":"(anonymous_6)","decl":{"start":{"line":52,"column":12},"end":{"line":52,"column":15}},"loc":{"start":{"line":52,"column":17},"end":{"line":57,"column":3}}},"7":{"name":"(anonymous_7)","decl":{"start":{"line":54,"column":11},"end":{"line":54,"column":14}},"loc":{"start":{"line":54,"column":16},"end":{"line":56,"column":5}}},"8":{"name":"(anonymous_8)","decl":{"start":{"line":59,"column":15},"end":{"line":59,"column":16}},"loc":{"start":{"line":59,"column":29},"end":{"line":63,"column":3}}}},"branchMap":{"0":{"loc":{"start":{"line":10,"column":42},"end":{"line":10,"column":72}},"type":"default-arg","locations":[{"start":{"line":10,"column":70},"end":{"line":10,"column":72}}]},"1":{"loc":{"start":{"line":15,"column":31},"end":{"line":15,"column":61}},"type":"cond-expr","locations":[{"start":{"line":15,"column":56},"end":{"line":15,"column":60}},{"start":{"line":15,"column":60},"end":{"line":15,"column":61}}]},"2":{"loc":{"start":{"line":15,"column":31},"end":{"line":15,"column":60}},"type":"binary-expr","locations":[{"start":{"line":15,"column":31},"end":{"line":15,"column":60}},{"start":{"line":15,"column":56},"end":{"line":15,"column":60}}]},"3":{"loc":{"start":{"line":16,"column":28},"end":{"line":16,"column":61}},"type":"cond-expr","locations":[{"start":{"line":16,"column":53},"end":{"line":16,"column":57}},{"start":{"line":16,"column":57},"end":{"line":16,"column":61}}]},"4":{"loc":{"start":{"line":16,"column":28},"end":{"line":16,"column":57}},"type":"binary-expr","locations":[{"start":{"line":16,"column":28},"end":{"line":16,"column":57}},{"start":{"line":16,"column":53},"end":{"line":16,"column":57}}]},"5":{"loc":{"start":{"line":30,"column":8},"end":{"line":30,"column":33}},"type":"cond-expr","locations":[{"start":{"line":30,"column":25},"end":{"line":30,"column":28}},{"start":{"line":30,"column":25},"end":{"line":30,"column":33}}]},"6":{"loc":{"start":{"line":30,"column":8},"end":{"line":30,"column":28}},"type":"binary-expr","locations":[{"start":{"line":30,"column":8},"end":{"line":30,"column":28}},{"start":{"line":30,"column":25},"end":{"line":30,"column":28}}]},"7":{"loc":{"start":{"line":35,"column":8},"end":{"line":35,"column":32}},"type":"cond-expr","locations":[{"start":{"line":35,"column":23},"end":{"line":35,"column":26}},{"start":{"line":35,"column":23},"end":{"line":35,"column":32}}]},"8":{"loc":{"start":{"line":35,"column":8},"end":{"line":35,"column":26}},"type":"binary-expr","locations":[{"start":{"line":35,"column":8},"end":{"line":35,"column":26}},{"start":{"line":35,"column":23},"end":{"line":35,"column":26}}]},"9":{"loc":{"start":{"line":40,"column":8},"end":{"line":43,"column":9}},"type":"if","locations":[{"start":{"line":40,"column":8},"end":{"line":43,"column":9}}]},"10":{"loc":{"start":{"line":55,"column":6},"end":{"line":55,"column":28}},"type":"cond-expr","locations":[{"start":{"line":55,"column":19},"end":{"line":55,"column":21}},{"start":{"line":55,"column":19},"end":{"line":55,"column":28}}]},"11":{"loc":{"start":{"line":55,"column":6},"end":{"line":55,"column":21}},"type":"binary-expr","locations":[{"start":{"line":55,"column":6},"end":{"line":55,"column":21}},{"start":{"line":55,"column":19},"end":{"line":55,"column":21}}]},"12":{"loc":{"start":{"line":60,"column":4},"end":{"line":62,"column":5}},"type":"if","locations":[{"start":{"line":60,"column":4},"end":{"line":62,"column":5}}]},"13":{"loc":{"start":{"line":60,"column":8},"end":{"line":60,"column":33}},"type":"cond-expr","locations":[{"start":{"line":60,"column":21},"end":{"line":60,"column":23}},{"start":{"line":60,"column":21},"end":{"line":60,"column":33}}]},"14":{"loc":{"start":{"line":60,"column":8},"end":{"line":60,"column":23}},"type":"binary-expr","locations":[{"start":{"line":60,"column":8},"end":{"line":60,"column":23}},{"start":{"line":60,"column":21},"end":{"line":60,"column":23}}]}},"s":{"0":0,"1":0,"2":0,"3":0,"4":0,"5":0,"6":0,"7":0,"8":0,"9":0,"10":0,"11":0,"12":0,"13":0,"14":0,"15":0,"16":0,"17":0,"18":0,"19":0,"20":0,"21":0,"22":0,"23":0,"24":0,"25":0,"26":0,"27":0,"28":0,"29":0,"30":0,"31":0,"32":0,"33":0,"34":0},"f":{"0":0,"1":0,"2":0,"3":0,"4":0,"5":0,"6":0,"7":0,"8":0},"b":{"0":[0],"1":[0,0],"2":[0,0],"3":[0,0],"4":[0,0],"5":[0,0],"6":[0,0],"7":[0,0],"8":[0,0],"9":[0],"10":[0,0],"11":[0,0],"12":[0],"13":[0,0],"14":[0,0]}}
,"/Users/fahadkiani/Desktop/development/project/src/services/analysis/marketImpactAnalyzer.ts": {"path":"/Users/fahadkiani/Desktop/development/project/src/services/analysis/marketImpactAnalyzer.ts","statementMap":{"0":{"start":{"line":4,"column":2},"end":{"line":50,"column":3}},"1":{"start":{"line":5,"column":4},"end":{"line":5,"column":115}},"2":{"start":{"line":7,"column":21},"end":{"line":13,"column":null}},"3":{"start":{"line":16,"column":4},"end":{"line":27,"column":6}},"4":{"start":{"line":29,"column":4},"end":{"line":36,"column":5}},"5":{"start":{"line":30,"column":6},"end":{"line":35,"column":9}},"6":{"start":{"line":38,"column":4},"end":{"line":49,"column":6}}},"fnMap":{"0":{"name":"analyzeMarketImpact","decl":{"start":{"line":3,"column":22},"end":{"line":3,"column":41}},"loc":{"start":{"line":3,"column":57},"end":{"line":51,"column":null}}}},"branchMap":{"0":{"loc":{"start":{"line":18,"column":21},"end":{"line":18,"column":68}},"type":"binary-expr","locations":[{"start":{"line":18,"column":21},"end":{"line":18,"column":43}},{"start":{"line":18,"column":47},"end":{"line":18,"column":68}}]},"1":{"loc":{"start":{"line":19,"column":20},"end":{"line":19,"column":49}},"type":"binary-expr","locations":[{"start":{"line":19,"column":20},"end":{"line":19,"column":44}},{"start":{"line":19,"column":48},"end":{"line":19,"column":49}}]},"2":{"loc":{"start":{"line":29,"column":4},"end":{"line":36,"column":5}},"type":"if","locations":[{"start":{"line":29,"column":4},"end":{"line":36,"column":5}}]},"3":{"loc":{"start":{"line":32,"column":18},"end":{"line":32,"column":38}},"type":"cond-expr","locations":[{"start":{"line":32,"column":32},"end":{"line":32,"column":34}},{"start":{"line":32,"column":32},"end":{"line":32,"column":38}}]},"4":{"loc":{"start":{"line":32,"column":18},"end":{"line":32,"column":34}},"type":"binary-expr","locations":[{"start":{"line":32,"column":18},"end":{"line":32,"column":34}},{"start":{"line":32,"column":32},"end":{"line":32,"column":34}}]},"5":{"loc":{"start":{"line":33,"column":16},"end":{"line":33,"column":38}},"type":"cond-expr","locations":[{"start":{"line":33,"column":30},"end":{"line":33,"column":32}},{"start":{"line":33,"column":30},"end":{"line":33,"column":38}}]},"6":{"loc":{"start":{"line":33,"column":16},"end":{"line":33,"column":32}},"type":"binary-expr","locations":[{"start":{"line":33,"column":16},"end":{"line":33,"column":32}},{"start":{"line":33,"column":30},"end":{"line":33,"column":32}}]},"7":{"loc":{"start":{"line":34,"column":18},"end":{"line":34,"column":35}},"type":"cond-expr","locations":[{"start":{"line":34,"column":30},"end":{"line":34,"column":32}},{"start":{"line":34,"column":30},"end":{"line":34,"column":35}}]},"8":{"loc":{"start":{"line":34,"column":18},"end":{"line":34,"column":32}},"type":"binary-expr","locations":[{"start":{"line":34,"column":18},"end":{"line":34,"column":32}},{"start":{"line":34,"column":30},"end":{"line":34,"column":32}}]}},"s":{"0":0,"1":0,"2":0,"3":0,"4":0,"5":0,"6":0},"f":{"0":0},"b":{"0":[0,0],"1":[0,0],"2":[0],"3":[0,0],"4":[0,0],"5":[0,0],"6":[0,0],"7":[0,0],"8":[0,0]}}
,"/Users/fahadkiani/Desktop/development/project/src/services/analysis/openai.ts": {"path":"/Users/fahadkiani/Desktop/development/project/src/services/analysis/openai.ts","statementMap":{"0":{"start":{"line":3,"column":14},"end":{"line":3,"column":54}},"1":{"start":{"line":5,"column":23},"end":{"line":5,"column":58}},"2":{"start":{"line":21,"column":34},"end":{"line":76,"column":2}},"3":{"start":{"line":24,"column":29},"end":{"line":76,"column":2}},"4":{"start":{"line":25,"column":19},"end":{"line":25,"column":61}},"5":{"start":{"line":28,"column":17},"end":{"line":28,"column":58}},"6":{"start":{"line":29,"column":2},"end":{"line":31,"column":3}},"7":{"start":{"line":30,"column":4},"end":{"line":30,"column":18}},"8":{"start":{"line":33,"column":19},"end":{"line":63,"column":4}},"9":{"start":{"line":65,"column":2},"end":{"line":67,"column":3}},"10":{"start":{"line":66,"column":4},"end":{"line":66,"column":49}},"11":{"start":{"line":69,"column":15},"end":{"line":69,"column":36}},"12":{"start":{"line":70,"column":17},"end":{"line":70,"column":60}},"13":{"start":{"line":73,"column":2},"end":{"line":73,"column":36}},"14":{"start":{"line":75,"column":2},"end":{"line":75,"column":16}}},"fnMap":{"0":{"name":"(anonymous_7)","decl":{"start":{"line":21,"column":34},"end":{"line":21,"column":null}},"loc":{"start":{"line":24,"column":29},"end":{"line":76,"column":2}}},"1":{"name":"(anonymous_8)","decl":{"start":{"line":24,"column":29},"end":{"line":24,"column":null}},"loc":{"start":{"line":24,"column":29},"end":{"line":76,"column":1}}}},"branchMap":{"0":{"loc":{"start":{"line":29,"column":2},"end":{"line":31,"column":3}},"type":"if","locations":[{"start":{"line":29,"column":2},"end":{"line":31,"column":3}}]},"1":{"loc":{"start":{"line":65,"column":2},"end":{"line":67,"column":3}},"type":"if","locations":[{"start":{"line":65,"column":2},"end":{"line":67,"column":3}}]}},"s":{"0":0,"1":0,"2":0,"3":0,"4":0,"5":0,"6":0,"7":0,"8":0,"9":0,"10":0,"11":0,"12":0,"13":0,"14":0},"f":{"0":0,"1":0},"b":{"0":[0],"1":[0]}}
,"/Users/fahadkiani/Desktop/development/project/src/services/analysis/relationships.ts": {"path":"/Users/fahadkiani/Desktop/development/project/src/services/analysis/relationships.ts","statementMap":{"0":{"start":{"line":16,"column":36},"end":{"line":48,"column":2}},"1":{"start":{"line":19,"column":71},"end":{"line":48,"column":2}},"2":{"start":{"line":21,"column":19},"end":{"line":40,"column":4}},"3":{"start":{"line":42,"column":2},"end":{"line":44,"column":3}},"4":{"start":{"line":43,"column":4},"end":{"line":43,"column":55}},"5":{"start":{"line":46,"column":15},"end":{"line":46,"column":36}},"6":{"start":{"line":47,"column":2},"end":{"line":47,"column":53}}},"fnMap":{"0":{"name":"(anonymous_7)","decl":{"start":{"line":16,"column":36},"end":{"line":16,"column":null}},"loc":{"start":{"line":19,"column":71},"end":{"line":48,"column":2}}},"1":{"name":"(anonymous_8)","decl":{"start":{"line":19,"column":71},"end":{"line":19,"column":null}},"loc":{"start":{"line":19,"column":71},"end":{"line":48,"column":1}}}},"branchMap":{"0":{"loc":{"start":{"line":42,"column":2},"end":{"line":44,"column":3}},"type":"if","locations":[{"start":{"line":42,"column":2},"end":{"line":44,"column":3}}]}},"s":{"0":0,"1":0,"2":0,"3":0,"4":0,"5":0,"6":0},"f":{"0":0,"1":0},"b":{"0":[0]}}
,"/Users/fahadkiani/Desktop/development/project/src/services/analysis/sentiment.ts": {"path":"/Users/fahadkiani/Desktop/development/project/src/services/analysis/sentiment.ts","statementMap":{"0":{"start":{"line":7,"column":32},"end":{"line":14,"column":2}},"1":{"start":{"line":7,"column":83},"end":{"line":14,"column":2}},"2":{"start":{"line":9,"column":2},"end":{"line":13,"column":4}}},"fnMap":{"0":{"name":"(anonymous_7)","decl":{"start":{"line":7,"column":32},"end":{"line":7,"column":39}},"loc":{"start":{"line":7,"column":83},"end":{"line":14,"column":2}}},"1":{"name":"(anonymous_8)","decl":{"start":{"line":7,"column":83},"end":{"line":7,"column":null}},"loc":{"start":{"line":7,"column":83},"end":{"line":14,"column":1}}}},"branchMap":{},"s":{"0":0,"1":0,"2":0},"f":{"0":0,"1":0},"b":{}}
,"/Users/fahadkiani/Desktop/development/project/src/services/analysis/processors/entityExtractor.ts": {"path":"/Users/fahadkiani/Desktop/development/project/src/services/analysis/processors/entityExtractor.ts","statementMap":{"0":{"start":{"line":9,"column":14},"end":{"line":9,"column":55}},"1":{"start":{"line":13,"column":17},"end":{"line":13,"column":48}},"2":{"start":{"line":14,"column":2},"end":{"line":16,"column":3}},"3":{"start":{"line":15,"column":4},"end":{"line":15,"column":18}},"4":{"start":{"line":18,"column":19},"end":{"line":38,"column":4}},"5":{"start":{"line":40,"column":2},"end":{"line":42,"column":3}},"6":{"start":{"line":41,"column":4},"end":{"line":41,"column":50}},"7":{"start":{"line":44,"column":15},"end":{"line":44,"column":36}},"8":{"start":{"line":45,"column":17},"end":{"line":45,"column":60}},"9":{"start":{"line":48,"column":2},"end":{"line":48,"column":32}},"10":{"start":{"line":50,"column":2},"end":{"line":50,"column":16}}},"fnMap":{"0":{"name":"extractEntities","decl":{"start":{"line":11,"column":22},"end":{"line":11,"column":37}},"loc":{"start":{"line":11,"column":50},"end":{"line":51,"column":null}}}},"branchMap":{"0":{"loc":{"start":{"line":14,"column":2},"end":{"line":16,"column":3}},"type":"if","locations":[{"start":{"line":14,"column":2},"end":{"line":16,"column":3}}]},"1":{"loc":{"start":{"line":40,"column":2},"end":{"line":42,"column":3}},"type":"if","locations":[{"start":{"line":40,"column":2},"end":{"line":42,"column":3}}]}},"s":{"0":0,"1":0,"2":0,"3":0,"4":0,"5":0,"6":0,"7":0,"8":0,"9":0,"10":0},"f":{"0":0},"b":{"0":[0],"1":[0]}}
,"/Users/fahadkiani/Desktop/development/project/src/services/analysis/processors/marketImpact.ts": {"path":"/Users/fahadkiani/Desktop/development/project/src/services/analysis/processors/marketImpact.ts","statementMap":{"0":{"start":{"line":16,"column":14},"end":{"line":16,"column":52}},"1":{"start":{"line":22,"column":19},"end":{"line":22,"column":61}},"2":{"start":{"line":25,"column":17},"end":{"line":25,"column":56}},"3":{"start":{"line":26,"column":2},"end":{"line":28,"column":3}},"4":{"start":{"line":27,"column":4},"end":{"line":27,"column":18}},"5":{"start":{"line":30,"column":19},"end":{"line":61,"column":4}},"6":{"start":{"line":63,"column":2},"end":{"line":65,"column":3}},"7":{"start":{"line":64,"column":4},"end":{"line":64,"column":55}},"8":{"start":{"line":67,"column":15},"end":{"line":67,"column":36}},"9":{"start":{"line":68,"column":17},"end":{"line":68,"column":60}},"10":{"start":{"line":71,"column":2},"end":{"line":71,"column":36}},"11":{"start":{"line":73,"column":2},"end":{"line":73,"column":16}}},"fnMap":{"0":{"name":"analyzeMarketImpact","decl":{"start":{"line":18,"column":22},"end":{"line":18,"column":41}},"loc":{"start":{"line":20,"column":23},"end":{"line":74,"column":null}}}},"branchMap":{"0":{"loc":{"start":{"line":26,"column":2},"end":{"line":28,"column":3}},"type":"if","locations":[{"start":{"line":26,"column":2},"end":{"line":28,"column":3}}]},"1":{"loc":{"start":{"line":63,"column":2},"end":{"line":65,"column":3}},"type":"if","locations":[{"start":{"line":63,"column":2},"end":{"line":65,"column":3}}]}},"s":{"0":0,"1":0,"2":0,"3":0,"4":0,"5":0,"6":0,"7":0,"8":0,"9":0,"10":0,"11":0},"f":{"0":0},"b":{"0":[0],"1":[0]}}
,"/Users/fahadkiani/Desktop/development/project/src/services/analysis/processors/relationshipExtractor.ts": {"path":"/Users/fahadkiani/Desktop/development/project/src/services/analysis/processors/relationshipExtractor.ts","statementMap":{"0":{"start":{"line":11,"column":14},"end":{"line":11,"column":61}},"1":{"start":{"line":18,"column":19},"end":{"line":21,"column":4}},"2":{"start":{"line":24,"column":17},"end":{"line":24,"column":64}},"3":{"start":{"line":25,"column":2},"end":{"line":27,"column":3}},"4":{"start":{"line":26,"column":4},"end":{"line":26,"column":18}},"5":{"start":{"line":29,"column":19},"end":{"line":59,"column":4}},"6":{"start":{"line":61,"column":2},"end":{"line":63,"column":3}},"7":{"start":{"line":62,"column":4},"end":{"line":62,"column":55}},"8":{"start":{"line":65,"column":15},"end":{"line":65,"column":36}},"9":{"start":{"line":66,"column":17},"end":{"line":66,"column":60}},"10":{"start":{"line":69,"column":2},"end":{"line":69,"column":36}},"11":{"start":{"line":71,"column":2},"end":{"line":71,"column":16}}},"fnMap":{"0":{"name":"extractRelationships","decl":{"start":{"line":13,"column":22},"end":{"line":13,"column":42}},"loc":{"start":{"line":15,"column":19},"end":{"line":72,"column":null}}}},"branchMap":{"0":{"loc":{"start":{"line":25,"column":2},"end":{"line":27,"column":3}},"type":"if","locations":[{"start":{"line":25,"column":2},"end":{"line":27,"column":3}}]},"1":{"loc":{"start":{"line":61,"column":2},"end":{"line":63,"column":3}},"type":"if","locations":[{"start":{"line":61,"column":2},"end":{"line":63,"column":3}}]}},"s":{"0":0,"1":0,"2":0,"3":0,"4":0,"5":0,"6":0,"7":0,"8":0,"9":0,"10":0,"11":0},"f":{"0":0},"b":{"0":[0],"1":[0]}}
,"/Users/fahadkiani/Desktop/development/project/src/services/backend/api.ts": {"path":"/Users/fahadkiani/Desktop/development/project/src/services/backend/api.ts","statementMap":{"0":{"start":{"line":10,"column":4},"end":{"line":10,"column":43}},"1":{"start":{"line":11,"column":4},"end":{"line":11,"column":67}},"2":{"start":{"line":15,"column":4},"end":{"line":17,"column":5}},"3":{"start":{"line":16,"column":6},"end":{"line":16,"column":45}},"4":{"start":{"line":18,"column":4},"end":{"line":18,"column":31}},"5":{"start":{"line":22,"column":4},"end":{"line":22,"column":46}},"6":{"start":{"line":23,"column":21},"end":{"line":23,"column":58}},"7":{"start":{"line":24,"column":4},"end":{"line":24,"column":61}},"8":{"start":{"line":24,"column":22},"end":{"line":24,"column":61}},"9":{"start":{"line":25,"column":4},"end":{"line":25,"column":27}},"10":{"start":{"line":28,"column":19},"end":{"line":57,"column":null}},"11":{"start":{"line":29,"column":4},"end":{"line":56,"column":5}},"12":{"start":{"line":30,"column":6},"end":{"line":30,"column":49}},"13":{"start":{"line":31,"column":18},"end":{"line":31,"column":73}},"14":{"start":{"line":32,"column":6},"end":{"line":32,"column":60}},"15":{"start":{"line":32,"column":22},"end":{"line":32,"column":60}},"16":{"start":{"line":34,"column":23},"end":{"line":42,"column":null}},"17":{"start":{"line":35,"column":14},"end":{"line":35,"column":35}},"18":{"start":{"line":40,"column":12},"end":{"line":40,"column":76}},"19":{"start":{"line":45,"column":6},"end":{"line":48,"column":7}},"20":{"start":{"line":46,"column":36},"end":{"line":46,"column":57}},"21":{"start":{"line":47,"column":8},"end":{"line":47,"column":66}},"22":{"start":{"line":50,"column":19},"end":{"line":50,"column":40}},"23":{"start":{"line":51,"column":6},"end":{"line":51,"column":66}},"24":{"start":{"line":52,"column":6},"end":{"line":52,"column":18}},"25":{"start":{"line":54,"column":6},"end":{"line":54,"column":52}},"26":{"start":{"line":55,"column":6},"end":{"line":55,"column":18}},"27":{"start":{"line":60,"column":26},"end":{"line":60,"column":50}}},"fnMap":{"0":{"name":"(anonymous_7)","decl":{"start":{"line":9,"column":2},"end":{"line":9,"column":null}},"loc":{"start":{"line":9,"column":2},"end":{"line":12,"column":3}}},"1":{"name":"(anonymous_8)","decl":{"start":{"line":14,"column":2},"end":{"line":14,"column":8}},"loc":{"start":{"line":14,"column":20},"end":{"line":19,"column":3}}},"2":{"name":"(anonymous_9)","decl":{"start":{"line":21,"column":8},"end":{"line":21,"column":19}},"loc":{"start":{"line":21,"column":19},"end":{"line":26,"column":null}}},"3":{"name":"(anonymous_11)","decl":{"start":{"line":28,"column":8},"end":{"line":28,"column":18}},"loc":{"start":{"line":28,"column":18},"end":{"line":57,"column":null}}},"4":{"name":"(anonymous_12)","decl":{"start":{"line":28,"column":19},"end":{"line":28,"column":29}},"loc":{"start":{"line":28,"column":37},"end":{"line":57,"column":3}}},"5":{"name":"(anonymous_13)","decl":{"start":{"line":35,"column":8},"end":{"line":35,"column":11}},"loc":{"start":{"line":35,"column":14},"end":{"line":35,"column":35}}},"6":{"name":"(anonymous_14)","decl":{"start":{"line":39,"column":19},"end":{"line":39,"column":20}},"loc":{"start":{"line":39,"column":38},"end":{"line":41,"column":11}}}},"branchMap":{"0":{"loc":{"start":{"line":15,"column":4},"end":{"line":17,"column":5}},"type":"if","locations":[{"start":{"line":15,"column":4},"end":{"line":17,"column":5}}]},"1":{"loc":{"start":{"line":24,"column":4},"end":{"line":24,"column":61}},"type":"if","locations":[{"start":{"line":24,"column":4},"end":{"line":24,"column":61}}]},"2":{"loc":{"start":{"line":28,"column":19},"end":{"line":28,"column":37}},"type":"default-arg","locations":[{"start":{"line":28,"column":32},"end":{"line":28,"column":37}}]},"3":{"loc":{"start":{"line":32,"column":6},"end":{"line":32,"column":60}},"type":"if","locations":[{"start":{"line":32,"column":6},"end":{"line":32,"column":60}}]},"4":{"loc":{"start":{"line":45,"column":6},"end":{"line":48,"column":7}},"type":"if","locations":[{"start":{"line":45,"column":6},"end":{"line":48,"column":7}}]},"5":{"loc":{"start":{"line":47,"column":24},"end":{"line":47,"column":64}},"type":"binary-expr","locations":[{"start":{"line":47,"column":24},"end":{"line":47,"column":37}},{"start":{"line":47,"column":41},"end":{"line":47,"column":64}}]}},"s":{"0":0,"1":0,"2":0,"3":0,"4":0,"5":0,"6":0,"7":0,"8":0,"9":0,"10":0,"11":0,"12":0,"13":0,"14":0,"15":0,"16":0,"17":0,"18":0,"19":0,"20":0,"21":0,"22":0,"23":0,"24":0,"25":0,"26":0,"27":0},"f":{"0":0,"1":0,"2":0,"3":0,"4":0,"5":0,"6":0},"b":{"0":[0],"1":[0],"2":[0],"3":[0],"4":[0],"5":[0,0]}}
,"/Users/fahadkiani/Desktop/development/project/src/services/backend/config.ts": {"path":"/Users/fahadkiani/Desktop/development/project/src/services/backend/config.ts","statementMap":{"0":{"start":{"line":1,"column":30},"end":{"line":6,"column":11}}},"fnMap":{},"branchMap":{"0":{"loc":{"start":{"line":2,"column":12},"end":{"line":2,"column":75}},"type":"binary-expr","locations":[{"start":{"line":2,"column":12},"end":{"line":2,"column":48}},{"start":{"line":2,"column":52},"end":{"line":2,"column":75}}]}},"s":{"0":0},"f":{},"b":{"0":[0,0]}}
,"/Users/fahadkiani/Desktop/development/project/src/services/backend/serviceManager.ts": {"path":"/Users/fahadkiani/Desktop/development/project/src/services/backend/serviceManager.ts","statementMap":{"0":{"start":{"line":8,"column":10},"end":{"line":8,"column":44}},"1":{"start":{"line":9,"column":10},"end":{"line":9,"column":51}},"2":{"start":{"line":12,"column":4},"end":{"line":12,"column":46}},"3":{"start":{"line":16,"column":4},"end":{"line":18,"column":5}},"4":{"start":{"line":17,"column":6},"end":{"line":17,"column":67}},"5":{"start":{"line":19,"column":4},"end":{"line":19,"column":42}},"6":{"start":{"line":23,"column":4},"end":{"line":23,"column":39}},"7":{"start":{"line":23,"column":26},"end":{"line":23,"column":39}},"8":{"start":{"line":25,"column":4},"end":{"line":42,"column":5}},"9":{"start":{"line":26,"column":23},"end":{"line":31,"column":8}},"10":{"start":{"line":33,"column":6},"end":{"line":33,"column":63}},"11":{"start":{"line":33,"column":24},"end":{"line":33,"column":63}},"12":{"start":{"line":35,"column":36},"end":{"line":35,"column":57}},"13":{"start":{"line":36,"column":6},"end":{"line":36,"column":53}},"14":{"start":{"line":37,"column":6},"end":{"line":37,"column":35}},"15":{"start":{"line":39,"column":6},"end":{"line":39,"column":59}},"16":{"start":{"line":40,"column":6},"end":{"line":40,"column":36}},"17":{"start":{"line":41,"column":6},"end":{"line":41,"column":19}},"18":{"start":{"line":46,"column":4},"end":{"line":48,"column":5}},"19":{"start":{"line":47,"column":6},"end":{"line":47,"column":56}},"20":{"start":{"line":50,"column":22},"end":{"line":58,"column":null}},"21":{"start":{"line":51,"column":12},"end":{"line":51,"column":31}},"22":{"start":{"line":56,"column":10},"end":{"line":56,"column":82}},"23":{"start":{"line":61,"column":4},"end":{"line":63,"column":5}},"24":{"start":{"line":62,"column":6},"end":{"line":62,"column":58}},"25":{"start":{"line":67,"column":4},"end":{"line":67,"column":27}},"26":{"start":{"line":69,"column":18},"end":{"line":72,"column":6}},"27":{"start":{"line":69,"column":29},"end":{"line":72,"column":6}},"28":{"start":{"line":70,"column":6},"end":{"line":70,"column":32}},"29":{"start":{"line":71,"column":6},"end":{"line":71,"column":67}},"30":{"start":{"line":74,"column":4},"end":{"line":74,"column":12}},"31":{"start":{"line":78,"column":4},"end":{"line":81,"column":5}},"32":{"start":{"line":79,"column":6},"end":{"line":79,"column":51}},"33":{"start":{"line":80,"column":6},"end":{"line":80,"column":37}},"34":{"start":{"line":85,"column":4},"end":{"line":85,"column":27}},"35":{"start":{"line":89,"column":4},"end":{"line":89,"column":33}},"36":{"start":{"line":94,"column":30},"end":{"line":94,"column":65}}},"fnMap":{"0":{"name":"(anonymous_7)","decl":{"start":{"line":11,"column":2},"end":{"line":11,"column":null}},"loc":{"start":{"line":11,"column":2},"end":{"line":13,"column":3}}},"1":{"name":"(anonymous_8)","decl":{"start":{"line":15,"column":2},"end":{"line":15,"column":8}},"loc":{"start":{"line":15,"column":20},"end":{"line":20,"column":3}}},"2":{"name":"(anonymous_9)","decl":{"start":{"line":22,"column":8},"end":{"line":22,"column":20}},"loc":{"start":{"line":22,"column":20},"end":{"line":43,"column":null}}},"3":{"name":"(anonymous_11)","decl":{"start":{"line":45,"column":8},"end":{"line":45,"column":28}},"loc":{"start":{"line":45,"column":28},"end":{"line":64,"column":null}}},"4":{"name":"(anonymous_13)","decl":{"start":{"line":51,"column":6},"end":{"line":51,"column":9}},"loc":{"start":{"line":51,"column":12},"end":{"line":51,"column":31}}},"5":{"name":"(anonymous_14)","decl":{"start":{"line":55,"column":17},"end":{"line":55,"column":18}},"loc":{"start":{"line":55,"column":36},"end":{"line":57,"column":9}}},"6":{"name":"(anonymous_15)","decl":{"start":{"line":66,"column":2},"end":{"line":66,"column":18}},"loc":{"start":{"line":66,"column":74},"end":{"line":75,"column":3}}},"7":{"name":"(anonymous_16)","decl":{"start":{"line":69,"column":18},"end":{"line":69,"column":27}},"loc":{"start":{"line":69,"column":29},"end":{"line":72,"column":6}}},"8":{"name":"(anonymous_17)","decl":{"start":{"line":69,"column":29},"end":{"line":69,"column":null}},"loc":{"start":{"line":69,"column":29},"end":{"line":72,"column":5}}},"9":{"name":"(anonymous_18)","decl":{"start":{"line":77,"column":2},"end":{"line":77,"column":17}},"loc":{"start":{"line":77,"column":17},"end":{"line":82,"column":3}}},"10":{"name":"(anonymous_19)","decl":{"start":{"line":84,"column":2},"end":{"line":84,"column":15}},"loc":{"start":{"line":84,"column":15},"end":{"line":86,"column":3}}},"11":{"name":"(anonymous_20)","decl":{"start":{"line":88,"column":2},"end":{"line":88,"column":11}},"loc":{"start":{"line":88,"column":11},"end":{"line":90,"column":3}}}},"branchMap":{"0":{"loc":{"start":{"line":16,"column":4},"end":{"line":18,"column":5}},"type":"if","locations":[{"start":{"line":16,"column":4},"end":{"line":18,"column":5}}]},"1":{"loc":{"start":{"line":23,"column":4},"end":{"line":23,"column":39}},"type":"if","locations":[{"start":{"line":23,"column":4},"end":{"line":23,"column":39}}]},"2":{"loc":{"start":{"line":33,"column":6},"end":{"line":33,"column":63}},"type":"if","locations":[{"start":{"line":33,"column":6},"end":{"line":33,"column":63}}]},"3":{"loc":{"start":{"line":46,"column":4},"end":{"line":48,"column":5}},"type":"if","locations":[{"start":{"line":46,"column":4},"end":{"line":48,"column":5}}]},"4":{"loc":{"start":{"line":61,"column":4},"end":{"line":63,"column":5}},"type":"if","locations":[{"start":{"line":61,"column":4},"end":{"line":63,"column":5}}]},"5":{"loc":{"start":{"line":66,"column":19},"end":{"line":66,"column":74}},"type":"default-arg","locations":[{"start":{"line":66,"column":38},"end":{"line":66,"column":74}}]},"6":{"loc":{"start":{"line":78,"column":4},"end":{"line":81,"column":5}},"type":"if","locations":[{"start":{"line":78,"column":4},"end":{"line":81,"column":5}}]}},"s":{"0":0,"1":0,"2":0,"3":0,"4":0,"5":0,"6":0,"7":0,"8":0,"9":0,"10":0,"11":0,"12":0,"13":0,"14":0,"15":0,"16":0,"17":0,"18":0,"19":0,"20":0,"21":0,"22":0,"23":0,"24":0,"25":0,"26":0,"27":0,"28":0,"29":0,"30":0,"31":0,"32":0,"33":0,"34":0,"35":0,"36":0},"f":{"0":0,"1":0,"2":0,"3":0,"4":0,"5":0,"6":0,"7":0,"8":0,"9":0,"10":0,"11":0},"b":{"0":[0],"1":[0],"2":[0],"3":[0],"4":[0],"5":[0],"6":[0]}}
,"/Users/fahadkiani/Desktop/development/project/src/services/cache/redisCacheManager.ts": {"path":"/Users/fahadkiani/Desktop/development/project/src/services/cache/redisCacheManager.ts","statementMap":{"0":{"start":{"line":2,"column":0},"end":{"line":2,"column":28}},"1":{"start":{"line":3,"column":0},"end":{"line":3,"column":36}},"2":{"start":{"line":5,"column":14},"end":{"line":8,"column":2}},"3":{"start":{"line":10,"column":23},"end":{"line":10,"column":35}},"4":{"start":{"line":16,"column":4},"end":{"line":16,"column":25}},"5":{"start":{"line":20,"column":17},"end":{"line":22,"column":20}},"6":{"start":{"line":23,"column":4},"end":{"line":23,"column":36}},"7":{"start":{"line":27,"column":4},"end":{"line":33,"column":5}},"8":{"start":{"line":28,"column":21},"end":{"line":28,"column":57}},"9":{"start":{"line":29,"column":6},"end":{"line":29,"column":48}},"10":{"start":{"line":31,"column":6},"end":{"line":31,"column":47}},"11":{"start":{"line":32,"column":6},"end":{"line":32,"column":18}},"12":{"start":{"line":37,"column":4},"end":{"line":46,"column":5}},"13":{"start":{"line":38,"column":6},"end":{"line":43,"column":8}},"14":{"start":{"line":45,"column":6},"end":{"line":45,"column":47}},"15":{"start":{"line":12,"column":0},"end":{"line":12,"column":13}}},"fnMap":{"0":{"name":"(anonymous_8)","decl":{"start":{"line":15,"column":2},"end":{"line":15,"column":14}},"loc":{"start":{"line":15,"column":28},"end":{"line":17,"column":3}}},"1":{"name":"(anonymous_9)","decl":{"start":{"line":19,"column":10},"end":{"line":19,"column":19}},"loc":{"start":{"line":19,"column":29},"end":{"line":24,"column":3}}},"2":{"name":"(anonymous_10)","decl":{"start":{"line":26,"column":8},"end":{"line":26,"column":11}},"loc":{"start":{"line":26,"column":26},"end":{"line":34,"column":null}}},"3":{"name":"(anonymous_12)","decl":{"start":{"line":36,"column":8},"end":{"line":36,"column":11}},"loc":{"start":{"line":36,"column":35},"end":{"line":47,"column":null}}}},"branchMap":{"0":{"loc":{"start":{"line":29,"column":13},"end":{"line":29,"column":47}},"type":"cond-expr","locations":[{"start":{"line":29,"column":22},"end":{"line":29,"column":40}},{"start":{"line":29,"column":43},"end":{"line":29,"column":47}}]}},"s":{"0":1,"1":1,"2":1,"3":1,"4":4,"5":4,"6":4,"7":3,"8":3,"9":2,"10":1,"11":1,"12":1,"13":1,"14":0,"15":1},"f":{"0":4,"1":4,"2":3,"3":1},"b":{"0":[1,1]}}
,"/Users/fahadkiani/Desktop/development/project/src/services/news/processor.ts": {"path":"/Users/fahadkiani/Desktop/development/project/src/services/news/processor.ts","statementMap":{"0":{"start":{"line":22,"column":19},"end":{"line":24,"column":null}},"1":{"start":{"line":27,"column":2},"end":{"line":42,"column":4}},"2":{"start":{"line":47,"column":2},"end":{"line":47,"column":63}},"3":{"start":{"line":47,"column":45},"end":{"line":47,"column":61}}},"fnMap":{"0":{"name":"processNewsArticle","decl":{"start":{"line":21,"column":22},"end":{"line":21,"column":40}},"loc":{"start":{"line":21,"column":61},"end":{"line":43,"column":null}}},"1":{"name":"extractKeyPoints","decl":{"start":{"line":45,"column":9},"end":{"line":45,"column":25}},"loc":{"start":{"line":45,"column":41},"end":{"line":48,"column":1}}},"2":{"name":"(anonymous_10)","decl":{"start":{"line":47,"column":36},"end":{"line":47,"column":41}},"loc":{"start":{"line":47,"column":45},"end":{"line":47,"column":61}}}},"branchMap":{},"s":{"0":0,"1":0,"2":0,"3":0},"f":{"0":0,"1":0,"2":0},"b":{}}
,"/Users/fahadkiani/Desktop/development/project/src/services/news/sources/tradingEconomics.ts": {"path":"/Users/fahadkiani/Desktop/development/project/src/services/news/sources/tradingEconomics.ts","statementMap":{"0":{"start":{"line":6,"column":2},"end":{"line":38,"column":3}},"1":{"start":{"line":7,"column":4},"end":{"line":7,"column":70}},"2":{"start":{"line":9,"column":21},"end":{"line":30,"column":null}},"3":{"start":{"line":10,"column":17},"end":{"line":23,"column":null}},"4":{"start":{"line":11,"column":25},"end":{"line":11,"column":54}},"5":{"start":{"line":13,"column":8},"end":{"line":16,"column":9}},"6":{"start":{"line":14,"column":10},"end":{"line":14,"column":62}},"7":{"start":{"line":15,"column":10},"end":{"line":15,"column":71}},"8":{"start":{"line":18,"column":8},"end":{"line":20,"column":9}},"9":{"start":{"line":19,"column":10},"end":{"line":19,"column":63}},"10":{"start":{"line":22,"column":8},"end":{"line":22,"column":24}},"11":{"start":{"line":28,"column":10},"end":{"line":28,"column":69}},"12":{"start":{"line":33,"column":4},"end":{"line":33,"column":68}},"13":{"start":{"line":34,"column":4},"end":{"line":34,"column":20}},"14":{"start":{"line":36,"column":4},"end":{"line":36,"column":61}},"15":{"start":{"line":37,"column":4},"end":{"line":37,"column":16}}},"fnMap":{"0":{"name":"scrapeTradingEconomics","decl":{"start":{"line":5,"column":22},"end":{"line":5,"column":44}},"loc":{"start":{"line":5,"column":44},"end":{"line":39,"column":null}}},"1":{"name":"(anonymous_9)","decl":{"start":{"line":10,"column":6},"end":{"line":10,"column":15}},"loc":{"start":{"line":10,"column":17},"end":{"line":23,"column":null}}},"2":{"name":"(anonymous_10)","decl":{"start":{"line":10,"column":17},"end":{"line":10,"column":null}},"loc":{"start":{"line":10,"column":17},"end":{"line":23,"column":7}}},"3":{"name":"(anonymous_11)","decl":{"start":{"line":27,"column":17},"end":{"line":27,"column":18}},"loc":{"start":{"line":27,"column":36},"end":{"line":29,"column":9}}}},"branchMap":{"0":{"loc":{"start":{"line":13,"column":8},"end":{"line":16,"column":9}},"type":"if","locations":[{"start":{"line":13,"column":8},"end":{"line":16,"column":9}}]},"1":{"loc":{"start":{"line":18,"column":8},"end":{"line":20,"column":9}},"type":"if","locations":[{"start":{"line":18,"column":8},"end":{"line":20,"column":9}}]}},"s":{"0":0,"1":0,"2":0,"3":0,"4":0,"5":0,"6":0,"7":0,"8":0,"9":0,"10":0,"11":0,"12":0,"13":0,"14":0,"15":0},"f":{"0":0,"1":0,"2":0,"3":0},"b":{"0":[0],"1":[0]}}
,"/Users/fahadkiani/Desktop/development/project/src/services/storage/dgraph/dgraphStorage.ts": {"path":"/Users/fahadkiani/Desktop/development/project/src/services/storage/dgraph/dgraphStorage.ts","statementMap":{"0":{"start":{"line":9,"column":23},"end":{"line":10,"column":null}},"1":{"start":{"line":12,"column":4},"end":{"line":12,"column":47}},"2":{"start":{"line":16,"column":15},"end":{"line":16,"column":25}},"3":{"start":{"line":17,"column":4},"end":{"line":17,"column":51}},"4":{"start":{"line":21,"column":21},"end":{"line":36,"column":6}},"5":{"start":{"line":32,"column":44},"end":{"line":32,"column":51}},"6":{"start":{"line":38,"column":16},"end":{"line":38,"column":36}},"7":{"start":{"line":39,"column":4},"end":{"line":44,"column":5}},"8":{"start":{"line":40,"column":6},"end":{"line":40,"column":33}},"9":{"start":{"line":41,"column":6},"end":{"line":41,"column":25}},"10":{"start":{"line":43,"column":6},"end":{"line":43,"column":26}},"11":{"start":{"line":47,"column":26},"end":{"line":68,"column":null}},"12":{"start":{"line":48,"column":18},"end":{"line":63,"column":6}},"13":{"start":{"line":65,"column":17},"end":{"line":65,"column":34}},"14":{"start":{"line":66,"column":16},"end":{"line":66,"column":69}},"15":{"start":{"line":67,"column":4},"end":{"line":67,"column":34}}},"fnMap":{"0":{"name":"(anonymous_7)","decl":{"start":{"line":8,"column":2},"end":{"line":8,"column":null}},"loc":{"start":{"line":8,"column":2},"end":{"line":13,"column":3}}},"1":{"name":"(anonymous_8)","decl":{"start":{"line":15,"column":8},"end":{"line":15,"column":18}},"loc":{"start":{"line":15,"column":18},"end":{"line":18,"column":null}}},"2":{"name":"(anonymous_10)","decl":{"start":{"line":20,"column":8},"end":{"line":20,"column":20}},"loc":{"start":{"line":20,"column":33},"end":{"line":45,"column":null}}},"3":{"name":"(anonymous_12)","decl":{"start":{"line":32,"column":32},"end":{"line":32,"column":33}},"loc":{"start":{"line":32,"column":44},"end":{"line":32,"column":51}}},"4":{"name":"(anonymous_13)","decl":{"start":{"line":47,"column":8},"end":{"line":47,"column":25}},"loc":{"start":{"line":47,"column":25},"end":{"line":68,"column":null}}},"5":{"name":"(anonymous_14)","decl":{"start":{"line":47,"column":26},"end":{"line":47,"column":31}},"loc":{"start":{"line":47,"column":37},"end":{"line":68,"column":3}}}},"branchMap":{"0":{"loc":{"start":{"line":10,"column":6},"end":{"line":10,"column":48}},"type":"binary-expr","locations":[{"start":{"line":10,"column":6},"end":{"line":10,"column":28}},{"start":{"line":10,"column":32},"end":{"line":10,"column":48}}]},"1":{"loc":{"start":{"line":32,"column":14},"end":{"line":32,"column":58}},"type":"binary-expr","locations":[{"start":{"line":32,"column":14},"end":{"line":32,"column":52}},{"start":{"line":32,"column":56},"end":{"line":32,"column":58}}]},"2":{"loc":{"start":{"line":32,"column":14},"end":{"line":32,"column":52}},"type":"cond-expr","locations":[{"start":{"line":32,"column":26},"end":{"line":32,"column":28}},{"start":{"line":32,"column":26},"end":{"line":32,"column":52}}]},"3":{"loc":{"start":{"line":32,"column":14},"end":{"line":32,"column":28}},"type":"binary-expr","locations":[{"start":{"line":32,"column":14},"end":{"line":32,"column":28}},{"start":{"line":32,"column":26},"end":{"line":32,"column":28}}]},"4":{"loc":{"start":{"line":47,"column":26},"end":{"line":47,"column":37}},"type":"default-arg","locations":[{"start":{"line":47,"column":34},"end":{"line":47,"column":37}}]}},"s":{"0":0,"1":0,"2":0,"3":0,"4":0,"5":0,"6":0,"7":0,"8":0,"9":0,"10":0,"11":0,"12":0,"13":0,"14":0,"15":0},"f":{"0":0,"1":0,"2":0,"3":0,"4":0,"5":0},"b":{"0":[0,0],"1":[0,0],"2":[0,0],"3":[0,0],"4":[0]}}
,"/Users/fahadkiani/Desktop/development/project/src/services/storage/dgraph/schema.ts": {"path":"/Users/fahadkiani/Desktop/development/project/src/services/storage/dgraph/schema.ts","statementMap":{"0":{"start":{"line":1,"column":22},"end":{"line":15,"column":2}}},"fnMap":{},"branchMap":{},"s":{"0":0},"f":{},"b":{}}
,"/Users/fahadkiani/Desktop/development/project/src/services/storage/supabase/supabaseStorage.ts": {"path":"/Users/fahadkiani/Desktop/development/project/src/services/storage/supabase/supabaseStorage.ts","statementMap":{"0":{"start":{"line":6,"column":0},"end":{"line":6,"column":16}},"1":{"start":{"line":12,"column":4},"end":{"line":15,"column":6}},"2":{"start":{"line":19,"column":4},"end":{"line":40,"column":5}},"3":{"start":{"line":20,"column":30},"end":{"line":33,"column":10}},"4":{"start":{"line":35,"column":6},"end":{"line":35,"column":29}},"5":{"start":{"line":35,"column":17},"end":{"line":35,"column":29}},"6":{"start":{"line":36,"column":6},"end":{"line":36,"column":18}},"7":{"start":{"line":38,"column":6},"end":{"line":38,"column":54}},"8":{"start":{"line":39,"column":6},"end":{"line":39,"column":18}},"9":{"start":{"line":43,"column":26},"end":{"line":57,"column":null}},"10":{"start":{"line":44,"column":4},"end":{"line":56,"column":5}},"11":{"start":{"line":45,"column":30},"end":{"line":49,"column":21}},"12":{"start":{"line":51,"column":6},"end":{"line":51,"column":29}},"13":{"start":{"line":51,"column":17},"end":{"line":51,"column":29}},"14":{"start":{"line":52,"column":6},"end":{"line":52,"column":18}},"15":{"start":{"line":54,"column":6},"end":{"line":54,"column":60}},"16":{"start":{"line":55,"column":6},"end":{"line":55,"column":18}}},"fnMap":{"0":{"name":"(anonymous_7)","decl":{"start":{"line":11,"column":2},"end":{"line":11,"column":null}},"loc":{"start":{"line":11,"column":2},"end":{"line":16,"column":3}}},"1":{"name":"(anonymous_8)","decl":{"start":{"line":18,"column":8},"end":{"line":18,"column":20}},"loc":{"start":{"line":18,"column":80},"end":{"line":41,"column":null}}},"2":{"name":"(anonymous_10)","decl":{"start":{"line":43,"column":8},"end":{"line":43,"column":25}},"loc":{"start":{"line":43,"column":25},"end":{"line":57,"column":null}}},"3":{"name":"(anonymous_11)","decl":{"start":{"line":43,"column":26},"end":{"line":43,"column":31}},"loc":{"start":{"line":43,"column":37},"end":{"line":57,"column":3}}}},"branchMap":{"0":{"loc":{"start":{"line":28,"column":27},"end":{"line":28,"column":51}},"type":"cond-expr","locations":[{"start":{"line":28,"column":44},"end":{"line":28,"column":46}},{"start":{"line":28,"column":44},"end":{"line":28,"column":51}}]},"1":{"loc":{"start":{"line":28,"column":27},"end":{"line":28,"column":46}},"type":"binary-expr","locations":[{"start":{"line":28,"column":27},"end":{"line":28,"column":46}},{"start":{"line":28,"column":44},"end":{"line":28,"column":46}}]},"2":{"loc":{"start":{"line":29,"column":27},"end":{"line":29,"column":51}},"type":"cond-expr","locations":[{"start":{"line":29,"column":44},"end":{"line":29,"column":46}},{"start":{"line":29,"column":44},"end":{"line":29,"column":51}}]},"3":{"loc":{"start":{"line":29,"column":27},"end":{"line":29,"column":46}},"type":"binary-expr","locations":[{"start":{"line":29,"column":27},"end":{"line":29,"column":46}},{"start":{"line":29,"column":44},"end":{"line":29,"column":46}}]},"4":{"loc":{"start":{"line":35,"column":6},"end":{"line":35,"column":29}},"type":"if","locations":[{"start":{"line":35,"column":6},"end":{"line":35,"column":29}}]},"5":{"loc":{"start":{"line":43,"column":26},"end":{"line":43,"column":37}},"type":"default-arg","locations":[{"start":{"line":43,"column":34},"end":{"line":43,"column":37}}]},"6":{"loc":{"start":{"line":51,"column":6},"end":{"line":51,"column":29}},"type":"if","locations":[{"start":{"line":51,"column":6},"end":{"line":51,"column":29}}]}},"s":{"0":0,"1":0,"2":0,"3":0,"4":0,"5":0,"6":0,"7":0,"8":0,"9":0,"10":0,"11":0,"12":0,"13":0,"14":0,"15":0,"16":0},"f":{"0":0,"1":0,"2":0,"3":0},"b":{"0":[0,0],"1":[0,0],"2":[0,0],"3":[0,0],"4":[0],"5":[0],"6":[0]}}
,"/Users/fahadkiani/Desktop/development/project/src/utils/retry.ts": {"path":"/Users/fahadkiani/Desktop/development/project/src/utils/retry.ts","statementMap":{"0":{"start":{"line":2,"column":2},"end":{"line":26,"column":null}},"1":{"start":{"line":9,"column":50},"end":{"line":9,"column":57}},"2":{"start":{"line":11,"column":2},"end":{"line":23,"column":3}},"3":{"start":{"line":11,"column":15},"end":{"line":11,"column":16}},"4":{"start":{"line":12,"column":4},"end":{"line":22,"column":5}},"5":{"start":{"line":13,"column":6},"end":{"line":13,"column":24}},"6":{"start":{"line":15,"column":6},"end":{"line":15,"column":42}},"7":{"start":{"line":15,"column":30},"end":{"line":15,"column":42}},"8":{"start":{"line":17,"column":6},"end":{"line":19,"column":7}},"9":{"start":{"line":18,"column":8},"end":{"line":18,"column":30}},"10":{"start":{"line":21,"column":6},"end":{"line":21,"column":63}},"11":{"start":{"line":21,"column":35},"end":{"line":21,"column":61}},"12":{"start":{"line":25,"column":2},"end":{"line":25,"column":34}}},"fnMap":{"0":{"name":"retry","decl":{"start":{"line":1,"column":22},"end":{"line":1,"column":27}},"loc":{"start":{"line":1,"column":27},"end":{"line":26,"column":null}}},"1":{"name":"(anonymous_8)","decl":{"start":{"line":2,"column":2},"end":{"line":2,"column":22}},"loc":{"start":{"line":7,"column":8},"end":{"line":26,"column":1}}},"2":{"name":"(anonymous_9)","decl":{"start":{"line":21,"column":24},"end":{"line":21,"column":31}},"loc":{"start":{"line":21,"column":35},"end":{"line":21,"column":61}}}},"branchMap":{"0":{"loc":{"start":{"line":3,"column":2},"end":{"line":7,"column":8}},"type":"default-arg","locations":[{"start":{"line":7,"column":6},"end":{"line":7,"column":8}}]},"1":{"loc":{"start":{"line":9,"column":10},"end":{"line":9,"column":22}},"type":"default-arg","locations":[{"start":{"line":9,"column":21},"end":{"line":9,"column":22}}]},"2":{"loc":{"start":{"line":9,"column":24},"end":{"line":9,"column":36}},"type":"default-arg","locations":[{"start":{"line":9,"column":32},"end":{"line":9,"column":36}}]},"3":{"loc":{"start":{"line":15,"column":6},"end":{"line":15,"column":42}},"type":"if","locations":[{"start":{"line":15,"column":6},"end":{"line":15,"column":42}}]},"4":{"loc":{"start":{"line":17,"column":6},"end":{"line":19,"column":7}},"type":"if","locations":[{"start":{"line":17,"column":6},"end":{"line":19,"column":7}}]},"5":{"loc":{"start":{"line":17,"column":10},"end":{"line":17,"column":43}},"type":"binary-expr","locations":[{"start":{"line":17,"column":10},"end":{"line":17,"column":17}},{"start":{"line":17,"column":21},"end":{"line":17,"column":43}}]}},"s":{"0":0,"1":0,"2":0,"3":0,"4":0,"5":0,"6":0,"7":0,"8":0,"9":0,"10":0,"11":0,"12":0},"f":{"0":0,"1":0,"2":0},"b":{"0":[0],"1":[0],"2":[0],"3":[0],"4":[0],"5":[0,0]}}
}
